#
# There is insufficient memory for the Java Runtime Environment to continue.
# Native memory allocation (mmap) failed to map 138412032 bytes for committing reserved memory.
# Possible reasons:
#   The system is out of physical RAM or swap space
#   In 32 bit mode, the process size limit was hit
# Possible solutions:
#   Reduce memory load on the system
#   Increase physical memory or swap space
#   Check if swap backing store is full
#   Use 64 bit Java on a 64 bit OS
#   Decrease Java heap size (-Xmx/-Xms)
#   Decrease number of Java threads
#   Decrease Java thread stack sizes (-Xss)
#   Set larger code cache with -XX:ReservedCodeCacheSize=
# This output file may be truncated or incomplete.
#
#  Out of Memory Error (os_linux.cpp:2627), pid=22508, tid=140566191924992
#
# JRE version: Java(TM) SE Runtime Environment (8.0_91-b14) (build 1.8.0_91-b14)
# Java VM: Java HotSpot(TM) 64-Bit Server VM (25.91-b14 mixed mode linux-amd64 compressed oops)
# Failed to write core dump. Core dumps have been disabled. To enable core dumping, try "ulimit -c unlimited" before starting Java again
#

---------------  T H R E A D  ---------------

Current thread (0x00007fd83c078000):  VMThread [stack: 0x00007fd81ddfe000,0x00007fd81deff000] [id=22524]

Stack: [0x00007fd81ddfe000,0x00007fd81deff000],  sp=0x00007fd81defd2e0,  free space=1020k
Native frames: (J=compiled Java code, j=interpreted, Vv=VM code, C=native code)
V  [libjvm.so+0xabc18a]  VMError::report_and_die()+0x2ba
V  [libjvm.so+0x4fafeb]  report_vm_out_of_memory(char const*, int, unsigned long, VMErrorType, char const*)+0x8b
V  [libjvm.so+0x91cbb3]  os::Linux::commit_memory_impl(char*, unsigned long, bool)+0x103
V  [libjvm.so+0x91d109]  os::pd_commit_memory(char*, unsigned long, unsigned long, bool)+0x29
V  [libjvm.so+0x91740a]  os::commit_memory(char*, unsigned long, unsigned long, bool)+0x2a
V  [libjvm.so+0x98b033]  PSVirtualSpace::expand_by(unsigned long)+0x53
V  [libjvm.so+0x98c438]  PSYoungGen::resize_generation(unsigned long, unsigned long)+0xf8
V  [libjvm.so+0x98b592]  PSYoungGen::resize(unsigned long, unsigned long)+0x22
V  [libjvm.so+0x98886b]  PSScavenge::invoke_no_policy()+0xf3b
V  [libjvm.so+0x988ff1]  PSScavenge::invoke()+0x41
V  [libjvm.so+0x9408b0]  ParallelScavengeHeap::failed_mem_allocate(unsigned long)+0x70
V  [libjvm.so+0xabdba7]  VM_ParallelGCFailedAllocation::doit()+0x97
V  [libjvm.so+0xac55d5]  VM_Operation::evaluate()+0x55
V  [libjvm.so+0xac39aa]  VMThread::evaluate_operation(VM_Operation*)+0xba
V  [libjvm.so+0xac3d2e]  VMThread::loop()+0x1ce
V  [libjvm.so+0xac41a0]  VMThread::run()+0x70
V  [libjvm.so+0x91ef78]  java_start(Thread*)+0x108

VM_Operation (0x00007fd81cb0d990): ParallelGCFailedAllocation, mode: safepoint, requested by thread 0x00007fd83c159000


---------------  P R O C E S S  ---------------

Java Threads: ( => current thread )
  0x00007fd83c159000 JavaThread "pool-2-thread-4" [_thread_blocked, id=22555, stack(0x00007fd81ca0f000,0x00007fd81cb10000)]
  0x00007fd83c157800 JavaThread "pool-2-thread-3" [_thread_blocked, id=22554, stack(0x00007fd81cb10000,0x00007fd81cc11000)]
  0x00007fd83c156000 JavaThread "pool-2-thread-2" [_thread_blocked, id=22553, stack(0x00007fd81cc11000,0x00007fd81cd12000)]
  0x00007fd83c154800 JavaThread "pool-3-thread-1" [_thread_blocked, id=22552, stack(0x00007fd81cd12000,0x00007fd81ce13000)]
  0x00007fd83c152000 JavaThread "pool-2-thread-1" [_thread_blocked, id=22551, stack(0x00007fd81ce13000,0x00007fd81cf14000)]
  0x00007fd83c0c8000 JavaThread "Service Thread" daemon [_thread_blocked, id=22538, stack(0x00007fd81d015000,0x00007fd81d116000)]
  0x00007fd83c0bd000 JavaThread "C1 CompilerThread2" daemon [_thread_blocked, id=22537, stack(0x00007fd81d116000,0x00007fd81d217000)]
  0x00007fd83c0bb800 JavaThread "C2 CompilerThread1" daemon [_thread_blocked, id=22536, stack(0x00007fd81d217000,0x00007fd81d318000)]
  0x00007fd83c0b8800 JavaThread "C2 CompilerThread0" daemon [_thread_blocked, id=22535, stack(0x00007fd81d318000,0x00007fd81d419000)]
  0x00007fd83c0b7000 JavaThread "Signal Dispatcher" daemon [_thread_blocked, id=22534, stack(0x00007fd81d419000,0x00007fd81d51a000)]
  0x00007fd83c084000 JavaThread "Finalizer" daemon [_thread_blocked, id=22530, stack(0x00007fd81dbfc000,0x00007fd81dcfd000)]
  0x00007fd83c07f800 JavaThread "Reference Handler" daemon [_thread_blocked, id=22529, stack(0x00007fd81dcfd000,0x00007fd81ddfe000)]
  0x00007fd83c00a000 JavaThread "main" [_thread_blocked, id=22518, stack(0x00007fd8445af000,0x00007fd8446b0000)]

Other Threads:
=>0x00007fd83c078000 VMThread [stack: 0x00007fd81ddfe000,0x00007fd81deff000] [id=22524]
  0x00007fd83c0cb000 WatcherThread [stack: 0x00007fd81cf14000,0x00007fd81d015000] [id=22539]

VM state:at safepoint (normal execution)

VM Mutex/Monitor currently owned by a thread:  ([mutex/lock_event])
[0x00007fd83c0064d0] Threads_lock - owner thread: 0x00007fd83c078000
[0x00007fd83c0069d0] Heap_lock - owner thread: 0x00007fd83c159000

Heap:
 PSYoungGen      total 132096K, used 5090K [0x00000000eab00000, 0x00000000f3100000, 0x0000000100000000)
  eden space 126976K, 0% used [0x00000000eab00000,0x00000000eab00000,0x00000000f2700000)
  from space 5120K, 99% used [0x00000000f2700000,0x00000000f2bf8818,0x00000000f2c00000)
  to   space 5120K, 0% used [0x00000000f2c00000,0x00000000f2c00000,0x00000000f3100000)
 ParOldGen       total 126976K, used 74984K [0x00000000c0000000, 0x00000000c7c00000, 0x00000000eab00000)
  object space 126976K, 59% used [0x00000000c0000000,0x00000000c493a098,0x00000000c7c00000)
 Metaspace       used 5792K, capacity 6960K, committed 7040K, reserved 1056768K
  class space    used 575K, capacity 616K, committed 640K, reserved 1048576K

Card table byte_map: [0x00007fd841170000,0x00007fd841371000] byte_map_base: 0x00007fd840b70000

Marking Bits: (ParMarkBitMap*) 0x00007fd843a86d60
 Begin Bits: [0x00007fd81e000000, 0x00007fd81f000000)
 End Bits:   [0x00007fd81f000000, 0x00007fd820000000)

Polling page: 0x00007fd8446cf000

CodeCache: size=245760Kb used=5701Kb max_used=5701Kb free=240058Kb
 bounds [0x00007fd82d000000, 0x00007fd82d5a0000, 0x00007fd83c000000]
 total_blobs=1676 nmethods=1414 adapters=175
 compilation: enabled

Compilation events (10 events):
Event: 7.274 Thread 0x00007fd83c0bd000 nmethod 1572 0x00007fd82d590510 code [0x00007fd82d5906a0, 0x00007fd82d590938]
Event: 7.277 Thread 0x00007fd83c0bd000 1573       3       com.android.dx.ssa.SsaConverter::edgeSplitSuccessors (98 bytes)
Event: 7.278 Thread 0x00007fd83c0bd000 nmethod 1573 0x00007fd82d590b10 code [0x00007fd82d590da0, 0x00007fd82d591bc8]
Event: 7.278 Thread 0x00007fd83c0bd000 1574 %     3       com.android.dx.ssa.back.SsaToRop::removePhiFunctions @ 13 (83 bytes)
Event: 7.324 Thread 0x00007fd83c0bd000 nmethod 1574% 0x00007fd82d592590 code [0x00007fd82d592860, 0x00007fd82d593cc8]
Event: 7.324 Thread 0x00007fd83c0bd000 1576       2       com.android.dx.cf.direct.DirectClassFile::parseToEndIfNecessary (12 bytes)
Event: 7.324 Thread 0x00007fd83c0bd000 nmethod 1576 0x00007fd82d594750 code [0x00007fd82d5948c0, 0x00007fd82d594a48]
Event: 7.324 Thread 0x00007fd83c0bd000 1575       2       com.android.dx.rop.code.SwitchInsn::withNewRegisters (22 bytes)
Event: 7.325 Thread 0x00007fd83c0bd000 nmethod 1575 0x00007fd82d594ad0 code [0x00007fd82d594c40, 0x00007fd82d594e28]
Event: 7.325 Thread 0x00007fd83c0bd000 1577       2       java.util.HashMap::<init> (8 bytes)

GC Heap History (10 events):
Event: 1.215 GC heap after
Heap after GC invocations=1 (full 0):
 PSYoungGen      total 36864K, used 5099K [0x00000000eab00000, 0x00000000ef300000, 0x0000000100000000)
  eden space 31744K, 0% used [0x00000000eab00000,0x00000000eab00000,0x00000000eca00000)
  from space 5120K, 99% used [0x00000000eca00000,0x00000000ecefae50,0x00000000ecf00000)
  to   space 5120K, 0% used [0x00000000eee00000,0x00000000eee00000,0x00000000ef300000)
 ParOldGen       total 84992K, used 3366K [0x00000000c0000000, 0x00000000c5300000, 0x00000000eab00000)
  object space 84992K, 3% used [0x00000000c0000000,0x00000000c0349b70,0x00000000c5300000)
 Metaspace       used 5541K, capacity 6768K, committed 7040K, reserved 1056768K
  class space    used 571K, capacity 616K, committed 640K, reserved 1048576K
}
Event: 1.660 GC heap before
{Heap before GC invocations=2 (full 0):
 PSYoungGen      total 36864K, used 36843K [0x00000000eab00000, 0x00000000ef300000, 0x0000000100000000)
  eden space 31744K, 100% used [0x00000000eab00000,0x00000000eca00000,0x00000000eca00000)
  from space 5120K, 99% used [0x00000000eca00000,0x00000000ecefae50,0x00000000ecf00000)
  to   space 5120K, 0% used [0x00000000eee00000,0x00000000eee00000,0x00000000ef300000)
 ParOldGen       total 84992K, used 3366K [0x00000000c0000000, 0x00000000c5300000, 0x00000000eab00000)
  object space 84992K, 3% used [0x00000000c0000000,0x00000000c0349b70,0x00000000c5300000)
 Metaspace       used 5627K, capacity 6832K, committed 7040K, reserved 1056768K
  class space    used 574K, capacity 616K, committed 640K, reserved 1048576K
Event: 1.697 GC heap after
Heap after GC invocations=2 (full 0):
 PSYoungGen      total 68608K, used 5096K [0x00000000eab00000, 0x00000000ef300000, 0x0000000100000000)
  eden space 63488K, 0% used [0x00000000eab00000,0x00000000eab00000,0x00000000ee900000)
  from space 5120K, 99% used [0x00000000eee00000,0x00000000ef2fa2e0,0x00000000ef300000)
  to   space 5120K, 0% used [0x00000000ee900000,0x00000000ee900000,0x00000000eee00000)
 ParOldGen       total 84992K, used 17704K [0x00000000c0000000, 0x00000000c5300000, 0x00000000eab00000)
  object space 84992K, 20% used [0x00000000c0000000,0x00000000c114a350,0x00000000c5300000)
 Metaspace       used 5627K, capacity 6832K, committed 7040K, reserved 1056768K
  class space    used 574K, capacity 616K, committed 640K, reserved 1048576K
}
Event: 2.373 GC heap before
{Heap before GC invocations=3 (full 0):
 PSYoungGen      total 68608K, used 68584K [0x00000000eab00000, 0x00000000ef300000, 0x0000000100000000)
  eden space 63488K, 100% used [0x00000000eab00000,0x00000000ee900000,0x00000000ee900000)
  from space 5120K, 99% used [0x00000000eee00000,0x00000000ef2fa2e0,0x00000000ef300000)
  to   space 5120K, 0% used [0x00000000ee900000,0x00000000ee900000,0x00000000eee00000)
 ParOldGen       total 84992K, used 17704K [0x00000000c0000000, 0x00000000c5300000, 0x00000000eab00000)
  object space 84992K, 20% used [0x00000000c0000000,0x00000000c114a350,0x00000000c5300000)
 Metaspace       used 5696K, capacity 6896K, committed 7040K, reserved 1056768K
  class space    used 575K, capacity 616K, committed 640K, reserved 1048576K
Event: 2.618 GC heap after
Heap after GC invocations=3 (full 0):
 PSYoungGen      total 68608K, used 5106K [0x00000000eab00000, 0x00000000f3100000, 0x0000000100000000)
  eden space 63488K, 0% used [0x00000000eab00000,0x00000000eab00000,0x00000000ee900000)
  from space 5120K, 99% used [0x00000000ee900000,0x00000000eedfc9b0,0x00000000eee00000)
  to   space 5120K, 0% used [0x00000000f2c00000,0x00000000f2c00000,0x00000000f3100000)
 ParOldGen       total 84992K, used 37975K [0x00000000c0000000, 0x00000000c5300000, 0x00000000eab00000)
  object space 84992K, 44% used [0x00000000c0000000,0x00000000c2515e28,0x00000000c5300000)
 Metaspace       used 5696K, capacity 6896K, committed 7040K, reserved 1056768K
  class space    used 575K, capacity 616K, committed 640K, reserved 1048576K
}
Event: 3.249 GC heap before
{Heap before GC invocations=4 (full 0):
 PSYoungGen      total 68608K, used 68594K [0x00000000eab00000, 0x00000000f3100000, 0x0000000100000000)
  eden space 63488K, 100% used [0x00000000eab00000,0x00000000ee900000,0x00000000ee900000)
  from space 5120K, 99% used [0x00000000ee900000,0x00000000eedfc9b0,0x00000000eee00000)
  to   space 5120K, 0% used [0x00000000f2c00000,0x00000000f2c00000,0x00000000f3100000)
 ParOldGen       total 84992K, used 37975K [0x00000000c0000000, 0x00000000c5300000, 0x00000000eab00000)
  object space 84992K, 44% used [0x00000000c0000000,0x00000000c2515e28,0x00000000c5300000)
 Metaspace       used 5779K, capacity 6960K, committed 7040K, reserved 1056768K
  class space    used 575K, capacity 616K, committed 640K, reserved 1048576K
Event: 3.331 GC heap after
Heap after GC invocations=4 (full 0):
 PSYoungGen      total 132096K, used 5102K [0x00000000eab00000, 0x00000000f3100000, 0x0000000100000000)
  eden space 126976K, 0% used [0x00000000eab00000,0x00000000eab00000,0x00000000f2700000)
  from space 5120K, 99% used [0x00000000f2c00000,0x00000000f30fba78,0x00000000f3100000)
  to   space 5120K, 0% used [0x00000000f2700000,0x00000000f2700000,0x00000000f2c00000)
 ParOldGen       total 84992K, used 68685K [0x00000000c0000000, 0x00000000c5300000, 0x00000000eab00000)
  object space 84992K, 80% used [0x00000000c0000000,0x00000000c43134a0,0x00000000c5300000)
 Metaspace       used 5779K, capacity 6960K, committed 7040K, reserved 1056768K
  class space    used 575K, capacity 616K, committed 640K, reserved 1048576K
}
Event: 4.428 GC heap before
{Heap before GC invocations=5 (full 1):
 PSYoungGen      total 132096K, used 5102K [0x00000000eab00000, 0x00000000f3100000, 0x0000000100000000)
  eden space 126976K, 0% used [0x00000000eab00000,0x00000000eab00000,0x00000000f2700000)
  from space 5120K, 99% used [0x00000000f2c00000,0x00000000f30fba78,0x00000000f3100000)
  to   space 5120K, 0% used [0x00000000f2700000,0x00000000f2700000,0x00000000f2c00000)
 ParOldGen       total 84992K, used 68685K [0x00000000c0000000, 0x00000000c5300000, 0x00000000eab00000)
  object space 84992K, 80% used [0x00000000c0000000,0x00000000c43134a0,0x00000000c5300000)
 Metaspace       used 5779K, capacity 6960K, committed 7040K, reserved 1056768K
  class space    used 575K, capacity 616K, committed 640K, reserved 1048576K
Event: 6.899 GC heap after
Heap after GC invocations=5 (full 1):
 PSYoungGen      total 132096K, used 0K [0x00000000eab00000, 0x00000000f3100000, 0x0000000100000000)
  eden space 126976K, 0% used [0x00000000eab00000,0x00000000eab00000,0x00000000f2700000)
  from space 5120K, 0% used [0x00000000f2c00000,0x00000000f2c00000,0x00000000f3100000)
  to   space 5120K, 0% used [0x00000000f2700000,0x00000000f2700000,0x00000000f2c00000)
 ParOldGen       total 126976K, used 37956K [0x00000000c0000000, 0x00000000c7c00000, 0x00000000eab00000)
  object space 126976K, 29% used [0x00000000c0000000,0x00000000c25110e8,0x00000000c7c00000)
 Metaspace       used 5779K, capacity 6960K, committed 7040K, reserved 1056768K
  class space    used 575K, capacity 616K, committed 640K, reserved 1048576K
}
Event: 9.246 GC heap before
{Heap before GC invocations=6 (full 1):
 PSYoungGen      total 132096K, used 126976K [0x00000000eab00000, 0x00000000f3100000, 0x0000000100000000)
  eden space 126976K, 100% used [0x00000000eab00000,0x00000000f2700000,0x00000000f2700000)
  from space 5120K, 0% used [0x00000000f2c00000,0x00000000f2c00000,0x00000000f3100000)
  to   space 5120K, 0% used [0x00000000f2700000,0x00000000f2700000,0x00000000f2c00000)
 ParOldGen       total 126976K, used 37956K [0x00000000c0000000, 0x00000000c7c00000, 0x00000000eab00000)
  object space 126976K, 29% used [0x00000000c0000000,0x00000000c25110e8,0x00000000c7c00000)
 Metaspace       used 5792K, capacity 6960K, committed 7040K, reserved 1056768K
  class space    used 575K, capacity 616K, committed 640K, reserved 1048576K

Deoptimization events (10 events):
Event: 3.016 Thread 0x00007fd83c156000 Uncommon trap: reason=unstable_if action=reinterpret pc=0x00007fd82d4790ac method=com.android.dx.ssa.NormalSsaInsn.getLocalAssignment()Lcom/android/dx/rop/code/RegisterSpec; @ 12
Event: 3.016 Thread 0x00007fd83c156000 Uncommon trap: reason=unstable_if action=reinterpret pc=0x00007fd82d479410 method=com.android.dx.ssa.NormalSsaInsn.getLocalAssignment()Lcom/android/dx/rop/code/RegisterSpec; @ 12
Event: 3.016 Thread 0x00007fd83c152000 Uncommon trap: reason=unstable_if action=reinterpret pc=0x00007fd82d47fbfc method=com.android.dx.ssa.SsaRenamer$BlockRenamer.addMapping(ILcom/android/dx/rop/code/RegisterSpec;)V @ 120
Event: 3.105 Thread 0x00007fd83c157800 Uncommon trap: reason=unstable_if action=reinterpret pc=0x00007fd82d33ff9c method=com.android.dx.util.IntList.binarysearch(I)I @ 26
Event: 3.105 Thread 0x00007fd83c157800 Uncommon trap: reason=unstable_if action=reinterpret pc=0x00007fd82d4c2308 method=com.android.dx.util.IntList.binarysearch(I)I @ 26
Event: 3.148 Thread 0x00007fd83c157800 Uncommon trap: reason=bimorphic action=maybe_recompile pc=0x00007fd82d45fd3c method=com.android.dx.rop.code.InsnList.contentEquals(Lcom/android/dx/rop/code/InsnList;)Z @ 38
Event: 7.004 Thread 0x00007fd83c156000 Uncommon trap: reason=bimorphic action=maybe_recompile pc=0x00007fd82d45fd3c method=com.android.dx.rop.code.InsnList.contentEquals(Lcom/android/dx/rop/code/InsnList;)Z @ 38
Event: 7.035 Thread 0x00007fd83c156000 Uncommon trap: reason=bimorphic action=maybe_recompile pc=0x00007fd82d45fd3c method=com.android.dx.rop.code.InsnList.contentEquals(Lcom/android/dx/rop/code/InsnList;)Z @ 38
Event: 7.050 Thread 0x00007fd83c156000 Uncommon trap: reason=bimorphic action=maybe_recompile pc=0x00007fd82d45fd3c method=com.android.dx.rop.code.InsnList.contentEquals(Lcom/android/dx/rop/code/InsnList;)Z @ 38
Event: 7.063 Thread 0x00007fd83c157800 Uncommon trap: reason=unstable_if action=reinterpret pc=0x00007fd82d3c1a84 method=com.android.dx.cf.code.ByteCatchList.listFor(I)Lcom/android/dx/cf/code/ByteCatchList; @ 19

Internal exceptions (2 events):
Event: 0.023 Thread 0x00007fd83c00a000 Exception <a 'java/lang/NoSuchMethodError': Method sun.misc.Unsafe.defineClass(Ljava/lang/String;[BII)Ljava/lang/Class; name or signature does not match> (0x00000000eab07cc0) thrown at [/HUDSON/workspace/8-2-build-linux-amd64/jdk8u91/6644/hotspot/src/shar
Event: 0.023 Thread 0x00007fd83c00a000 Exception <a 'java/lang/NoSuchMethodError': Method sun.misc.Unsafe.prefetchRead(Ljava/lang/Object;J)V name or signature does not match> (0x00000000eab07fa8) thrown at [/HUDSON/workspace/8-2-build-linux-amd64/jdk8u91/6644/hotspot/src/share/vm/prims/jni.cpp

Events (10 events):
Event: 8.552 Thread 0x00007fd83c156000 DEOPT UNPACKING pc=0x00007fd82d047633 sp=0x00007fd81cd0f8d8 mode 0
Event: 8.860 Thread 0x00007fd83c152000 DEOPT PACKING pc=0x00007fd82d51b32b sp=0x00007fd81cf12010
Event: 8.860 Thread 0x00007fd83c152000 DEOPT UNPACKING pc=0x00007fd82d047633 sp=0x00007fd81cf11d60 mode 0
Event: 8.863 Thread 0x00007fd83c159000 DEOPT PACKING pc=0x00007fd82d4d4600 sp=0x00007fd81cb0da70
Event: 8.863 Thread 0x00007fd83c159000 DEOPT UNPACKING pc=0x00007fd82d047633 sp=0x00007fd81cb0d7d8 mode 0
Event: 8.864 Thread 0x00007fd83c159000 DEOPT PACKING pc=0x00007fd82d4d4600 sp=0x00007fd81cb0da70
Event: 8.864 Thread 0x00007fd83c159000 DEOPT UNPACKING pc=0x00007fd82d047633 sp=0x00007fd81cb0d7d8 mode 0
Event: 8.865 Thread 0x00007fd83c159000 DEOPT PACKING pc=0x00007fd82d4d4600 sp=0x00007fd81cb0daf0
Event: 8.865 Thread 0x00007fd83c159000 DEOPT UNPACKING pc=0x00007fd82d047633 sp=0x00007fd81cb0d858 mode 0
Event: 9.245 Executing VM operation: ParallelGCFailedAllocation


Dynamic libraries:
00400000-00401000 r-xp 00000000 08:05 15861205                           /usr/lib/jvm/java-8-oracle/bin/java
00600000-00601000 rw-p 00000000 08:05 15861205                           /usr/lib/jvm/java-8-oracle/bin/java
01f4c000-01f6d000 rw-p 00000000 00:00 0                                  [heap]
c0000000-c7c00000 rw-p 00000000 00:00 0 
c7c00000-eab00000 ---p 00000000 00:00 0 
eab00000-f3100000 rw-p 00000000 00:00 0 
fb500000-100000000 ---p 00000000 00:00 0 
100000000-1000a0000 rw-p 00000000 00:00 0 
1000a0000-140000000 ---p 00000000 00:00 0 
7fd7e0000000-7fd7e002b000 rw-p 00000000 00:00 0 
7fd7e002b000-7fd7e4000000 ---p 00000000 00:00 0 
7fd7e4000000-7fd7e404a000 rw-p 00000000 00:00 0 
7fd7e404a000-7fd7e8000000 ---p 00000000 00:00 0 
7fd7e8000000-7fd7e8021000 rw-p 00000000 00:00 0 
7fd7e8021000-7fd7ec000000 ---p 00000000 00:00 0 
7fd7ec000000-7fd7ec021000 rw-p 00000000 00:00 0 
7fd7ec021000-7fd7f0000000 ---p 00000000 00:00 0 
7fd7f0000000-7fd7f0021000 rw-p 00000000 00:00 0 
7fd7f0021000-7fd7f4000000 ---p 00000000 00:00 0 
7fd7f4000000-7fd7f408b000 rw-p 00000000 00:00 0 
7fd7f408b000-7fd7f8000000 ---p 00000000 00:00 0 
7fd7f8000000-7fd7f86d0000 rw-p 00000000 00:00 0 
7fd7f86d0000-7fd7fc000000 ---p 00000000 00:00 0 
7fd7fc000000-7fd7fc021000 rw-p 00000000 00:00 0 
7fd7fc021000-7fd800000000 ---p 00000000 00:00 0 
7fd800000000-7fd800723000 rw-p 00000000 00:00 0 
7fd800723000-7fd804000000 ---p 00000000 00:00 0 
7fd804000000-7fd8049ef000 rw-p 00000000 00:00 0 
7fd8049ef000-7fd808000000 ---p 00000000 00:00 0 
7fd808000000-7fd808021000 rw-p 00000000 00:00 0 
7fd808021000-7fd80c000000 ---p 00000000 00:00 0 
7fd80c000000-7fd80c021000 rw-p 00000000 00:00 0 
7fd80c021000-7fd810000000 ---p 00000000 00:00 0 
7fd810000000-7fd81028d000 rw-p 00000000 00:00 0 
7fd81028d000-7fd814000000 ---p 00000000 00:00 0 
7fd814000000-7fd814021000 rw-p 00000000 00:00 0 
7fd814021000-7fd818000000 ---p 00000000 00:00 0 
7fd818000000-7fd818021000 rw-p 00000000 00:00 0 
7fd818021000-7fd81c000000 ---p 00000000 00:00 0 
7fd81ca0f000-7fd81ca12000 ---p 00000000 00:00 0 
7fd81ca12000-7fd81cb10000 rw-p 00000000 00:00 0                          [stack:22555]
7fd81cb10000-7fd81cb13000 ---p 00000000 00:00 0 
7fd81cb13000-7fd81cc11000 rw-p 00000000 00:00 0                          [stack:22554]
7fd81cc11000-7fd81cc14000 ---p 00000000 00:00 0 
7fd81cc14000-7fd81cd12000 rw-p 00000000 00:00 0                          [stack:22553]
7fd81cd12000-7fd81cd15000 ---p 00000000 00:00 0 
7fd81cd15000-7fd81ce13000 rw-p 00000000 00:00 0                          [stack:22552]
7fd81ce13000-7fd81ce16000 ---p 00000000 00:00 0 
7fd81ce16000-7fd81cf14000 rw-p 00000000 00:00 0                          [stack:22551]
7fd81cf14000-7fd81cf15000 ---p 00000000 00:00 0 
7fd81cf15000-7fd81d015000 rw-p 00000000 00:00 0                          [stack:22539]
7fd81d015000-7fd81d018000 ---p 00000000 00:00 0 
7fd81d018000-7fd81d116000 rw-p 00000000 00:00 0                          [stack:22538]
7fd81d116000-7fd81d119000 ---p 00000000 00:00 0 
7fd81d119000-7fd81d217000 rw-p 00000000 00:00 0                          [stack:22537]
7fd81d217000-7fd81d21a000 ---p 00000000 00:00 0 
7fd81d21a000-7fd81d318000 rw-p 00000000 00:00 0                          [stack:22536]
7fd81d318000-7fd81d31b000 ---p 00000000 00:00 0 
7fd81d31b000-7fd81d419000 rw-p 00000000 00:00 0                          [stack:22535]
7fd81d419000-7fd81d41c000 ---p 00000000 00:00 0 
7fd81d41c000-7fd81d51a000 rw-p 00000000 00:00 0                          [stack:22534]
7fd81d51a000-7fd81dbfc000 r--p 00000000 08:05 15735423                   /usr/lib/locale/locale-archive
7fd81dbfc000-7fd81dbff000 ---p 00000000 00:00 0 
7fd81dbff000-7fd81dcfd000 rw-p 00000000 00:00 0                          [stack:22530]
7fd81dcfd000-7fd81dd00000 ---p 00000000 00:00 0 
7fd81dd00000-7fd81ddfe000 rw-p 00000000 00:00 0                          [stack:22529]
7fd81ddfe000-7fd81ddff000 ---p 00000000 00:00 0 
7fd81ddff000-7fd820000000 rw-p 00000000 00:00 0                          [stack:22524]
7fd820000000-7fd820021000 rw-p 00000000 00:00 0 
7fd820021000-7fd824000000 ---p 00000000 00:00 0 
7fd824000000-7fd824021000 rw-p 00000000 00:00 0 
7fd824021000-7fd828000000 ---p 00000000 00:00 0 
7fd828000000-7fd828021000 rw-p 00000000 00:00 0 
7fd828021000-7fd82c000000 ---p 00000000 00:00 0 
7fd82c0f9000-7fd82ce27000 rw-p 00000000 00:00 0 
7fd82ce27000-7fd82d000000 r--s 03d1f000 08:05 15868686                   /usr/lib/jvm/java-8-oracle/jre/lib/rt.jar
7fd82d000000-7fd82d5a0000 rwxp 00000000 00:00 0 
7fd82d5a0000-7fd83c000000 ---p 00000000 00:00 0 
7fd83c000000-7fd83c3c3000 rw-p 00000000 00:00 0 
7fd83c3c3000-7fd840000000 ---p 00000000 00:00 0 
7fd84000e000-7fd840856000 rw-p 00000000 00:00 0 
7fd840856000-7fd840a16000 ---p 00000000 00:00 0 
7fd840a16000-7fd840c16000 rw-p 00000000 00:00 0 
7fd840c16000-7fd840c17000 ---p 00000000 00:00 0 
7fd840c17000-7fd840d17000 rw-p 00000000 00:00 0                          [stack:22523]
7fd840d17000-7fd840d18000 ---p 00000000 00:00 0 
7fd840d18000-7fd840e18000 rw-p 00000000 00:00 0                          [stack:22522]
7fd840e18000-7fd840e19000 ---p 00000000 00:00 0 
7fd840e19000-7fd840f19000 rw-p 00000000 00:00 0                          [stack:22521]
7fd840f19000-7fd840f1a000 ---p 00000000 00:00 0 
7fd840f1a000-7fd841058000 rw-p 00000000 00:00 0                          [stack:22520]
7fd841058000-7fd841170000 ---p 00000000 00:00 0 
7fd841170000-7fd8411ae000 rw-p 00000000 00:00 0 
7fd8411ae000-7fd8412c5000 ---p 00000000 00:00 0 
7fd8412c5000-7fd841309000 rw-p 00000000 00:00 0 
7fd841309000-7fd841370000 ---p 00000000 00:00 0 
7fd841370000-7fd841388000 rw-p 00000000 00:00 0 
7fd841388000-7fd841731000 ---p 00000000 00:00 0 
7fd841731000-7fd84174b000 r-xp 00000000 08:05 15879345                   /usr/lib/jvm/java-8-oracle/jre/lib/amd64/libzip.so
7fd84174b000-7fd84194b000 ---p 0001a000 08:05 15879345                   /usr/lib/jvm/java-8-oracle/jre/lib/amd64/libzip.so
7fd84194b000-7fd84194c000 rw-p 0001a000 08:05 15879345                   /usr/lib/jvm/java-8-oracle/jre/lib/amd64/libzip.so
7fd84194c000-7fd841956000 r-xp 00000000 08:05 16785620                   /lib/x86_64-linux-gnu/libnss_files-2.19.so
7fd841956000-7fd841b55000 ---p 0000a000 08:05 16785620                   /lib/x86_64-linux-gnu/libnss_files-2.19.so
7fd841b55000-7fd841b56000 r--p 00009000 08:05 16785620                   /lib/x86_64-linux-gnu/libnss_files-2.19.so
7fd841b56000-7fd841b57000 rw-p 0000a000 08:05 16785620                   /lib/x86_64-linux-gnu/libnss_files-2.19.so
7fd841b57000-7fd841b62000 r-xp 00000000 08:05 16785612                   /lib/x86_64-linux-gnu/libnss_nis-2.19.so
7fd841b62000-7fd841d61000 ---p 0000b000 08:05 16785612                   /lib/x86_64-linux-gnu/libnss_nis-2.19.so
7fd841d61000-7fd841d62000 r--p 0000a000 08:05 16785612                   /lib/x86_64-linux-gnu/libnss_nis-2.19.so
7fd841d62000-7fd841d63000 rw-p 0000b000 08:05 16785612                   /lib/x86_64-linux-gnu/libnss_nis-2.19.so
7fd841d63000-7fd841d7a000 r-xp 00000000 08:05 16785606                   /lib/x86_64-linux-gnu/libnsl-2.19.so
7fd841d7a000-7fd841f79000 ---p 00017000 08:05 16785606                   /lib/x86_64-linux-gnu/libnsl-2.19.so
7fd841f79000-7fd841f7a000 r--p 00016000 08:05 16785606                   /lib/x86_64-linux-gnu/libnsl-2.19.so
7fd841f7a000-7fd841f7b000 rw-p 00017000 08:05 16785606                   /lib/x86_64-linux-gnu/libnsl-2.19.so
7fd841f7b000-7fd841f7d000 rw-p 00000000 00:00 0 
7fd841f7d000-7fd841f86000 r-xp 00000000 08:05 16785605                   /lib/x86_64-linux-gnu/libnss_compat-2.19.so
7fd841f86000-7fd842185000 ---p 00009000 08:05 16785605                   /lib/x86_64-linux-gnu/libnss_compat-2.19.so
7fd842185000-7fd842186000 r--p 00008000 08:05 16785605                   /lib/x86_64-linux-gnu/libnss_compat-2.19.so
7fd842186000-7fd842187000 rw-p 00009000 08:05 16785605                   /lib/x86_64-linux-gnu/libnss_compat-2.19.so
7fd842187000-7fd8421b1000 r-xp 00000000 08:05 15879318                   /usr/lib/jvm/java-8-oracle/jre/lib/amd64/libjava.so
7fd8421b1000-7fd8423b1000 ---p 0002a000 08:05 15879318                   /usr/lib/jvm/java-8-oracle/jre/lib/amd64/libjava.so
7fd8423b1000-7fd8423b3000 rw-p 0002a000 08:05 15879318                   /usr/lib/jvm/java-8-oracle/jre/lib/amd64/libjava.so
7fd8423b3000-7fd8423c0000 r-xp 00000000 08:05 15879317                   /usr/lib/jvm/java-8-oracle/jre/lib/amd64/libverify.so
7fd8423c0000-7fd8425c0000 ---p 0000d000 08:05 15879317                   /usr/lib/jvm/java-8-oracle/jre/lib/amd64/libverify.so
7fd8425c0000-7fd8425c2000 rw-p 0000d000 08:05 15879317                   /usr/lib/jvm/java-8-oracle/jre/lib/amd64/libverify.so
7fd8425c2000-7fd8425c9000 r-xp 00000000 08:05 16785616                   /lib/x86_64-linux-gnu/librt-2.19.so
7fd8425c9000-7fd8427c8000 ---p 00007000 08:05 16785616                   /lib/x86_64-linux-gnu/librt-2.19.so
7fd8427c8000-7fd8427c9000 r--p 00006000 08:05 16785616                   /lib/x86_64-linux-gnu/librt-2.19.so
7fd8427c9000-7fd8427ca000 rw-p 00007000 08:05 16785616                   /lib/x86_64-linux-gnu/librt-2.19.so
7fd8427ca000-7fd8428cf000 r-xp 00000000 08:05 16781477                   /lib/x86_64-linux-gnu/libm-2.19.so
7fd8428cf000-7fd842ace000 ---p 00105000 08:05 16781477                   /lib/x86_64-linux-gnu/libm-2.19.so
7fd842ace000-7fd842acf000 r--p 00104000 08:05 16781477                   /lib/x86_64-linux-gnu/libm-2.19.so
7fd842acf000-7fd842ad0000 rw-p 00105000 08:05 16781477                   /lib/x86_64-linux-gnu/libm-2.19.so
7fd842ad0000-7fd843790000 r-xp 00000000 08:05 15879333                   /usr/lib/jvm/java-8-oracle/jre/lib/amd64/server/libjvm.so
7fd843790000-7fd843990000 ---p 00cc0000 08:05 15879333                   /usr/lib/jvm/java-8-oracle/jre/lib/amd64/server/libjvm.so
7fd843990000-7fd843a68000 rw-p 00cc0000 08:05 15879333                   /usr/lib/jvm/java-8-oracle/jre/lib/amd64/server/libjvm.so
7fd843a68000-7fd843ab3000 rw-p 00000000 00:00 0 
7fd843ab3000-7fd843c6d000 r-xp 00000000 08:05 16785617                   /lib/x86_64-linux-gnu/libc-2.19.so
7fd843c6d000-7fd843e6d000 ---p 001ba000 08:05 16785617                   /lib/x86_64-linux-gnu/libc-2.19.so
7fd843e6d000-7fd843e71000 r--p 001ba000 08:05 16785617                   /lib/x86_64-linux-gnu/libc-2.19.so
7fd843e71000-7fd843e73000 rw-p 001be000 08:05 16785617                   /lib/x86_64-linux-gnu/libc-2.19.so
7fd843e73000-7fd843e78000 rw-p 00000000 00:00 0 
7fd843e78000-7fd843e7b000 r-xp 00000000 08:05 16781487                   /lib/x86_64-linux-gnu/libdl-2.19.so
7fd843e7b000-7fd84407a000 ---p 00003000 08:05 16781487                   /lib/x86_64-linux-gnu/libdl-2.19.so
7fd84407a000-7fd84407b000 r--p 00002000 08:05 16781487                   /lib/x86_64-linux-gnu/libdl-2.19.so
7fd84407b000-7fd84407c000 rw-p 00003000 08:05 16781487                   /lib/x86_64-linux-gnu/libdl-2.19.so
7fd84407c000-7fd844091000 r-xp 00000000 08:05 15867519                   /usr/lib/jvm/java-8-oracle/lib/amd64/jli/libjli.so
7fd844091000-7fd844291000 ---p 00015000 08:05 15867519                   /usr/lib/jvm/java-8-oracle/lib/amd64/jli/libjli.so
7fd844291000-7fd844292000 rw-p 00015000 08:05 15867519                   /usr/lib/jvm/java-8-oracle/lib/amd64/jli/libjli.so
7fd844292000-7fd8442ab000 r-xp 00000000 08:05 16785607                   /lib/x86_64-linux-gnu/libpthread-2.19.so
7fd8442ab000-7fd8444aa000 ---p 00019000 08:05 16785607                   /lib/x86_64-linux-gnu/libpthread-2.19.so
7fd8444aa000-7fd8444ab000 r--p 00018000 08:05 16785607                   /lib/x86_64-linux-gnu/libpthread-2.19.so
7fd8444ab000-7fd8444ac000 rw-p 00019000 08:05 16785607                   /lib/x86_64-linux-gnu/libpthread-2.19.so
7fd8444ac000-7fd8444b0000 rw-p 00000000 00:00 0 
7fd8444b0000-7fd8444d3000 r-xp 00000000 08:05 16785608                   /lib/x86_64-linux-gnu/ld-2.19.so
7fd8444d6000-7fd8445af000 rw-p 00000000 00:00 0 
7fd8445af000-7fd8445b2000 ---p 00000000 00:00 0 
7fd8445b2000-7fd8446b4000 rw-p 00000000 00:00 0                          [stack:22518]
7fd8446b7000-7fd8446b8000 rw-p 00000000 00:00 0 
7fd8446b8000-7fd8446c6000 r--s 000e0000 08:05 4333759                    /home/brabo/android-sdk-linux/build-tools/24.0.0-preview/lib/dx.jar
7fd8446c6000-7fd8446ce000 rw-s 00000000 08:05 18367920                   /tmp/hsperfdata_brabo/22508
7fd8446ce000-7fd8446cf000 rw-p 00000000 00:00 0 
7fd8446cf000-7fd8446d0000 ---p 00000000 00:00 0 
7fd8446d0000-7fd8446d2000 rw-p 00000000 00:00 0 
7fd8446d2000-7fd8446d3000 r--p 00022000 08:05 16785608                   /lib/x86_64-linux-gnu/ld-2.19.so
7fd8446d3000-7fd8446d4000 rw-p 00023000 08:05 16785608                   /lib/x86_64-linux-gnu/ld-2.19.so
7fd8446d4000-7fd8446d5000 rw-p 00000000 00:00 0 
7ffc73c95000-7ffc73cb7000 rw-p 00000000 00:00 0                          [stack]
7ffc73ceb000-7ffc73ced000 r-xp 00000000 00:00 0                          [vdso]
ffffffffff600000-ffffffffff601000 r-xp 00000000 00:00 0                  [vsyscall]

VM Arguments:
jvm_args: -Djava.awt.headless=true -Xmx1024M -Dfile.encoding=UTF-8 -Duser.country=US -Duser.language=en -Duser.variant 
java_command: com.android.dx.command.Main --dex --force-jumbo --num-threads=4 --multi-dex --output /home/brabo/AndroidStudioProjects/Matano/app/build/intermediates/transforms/dex/debug/folders/1000/5/slice_4 /home/brabo/AndroidStudioProjects/Matano/app/build/intermediates/transforms/instantRunSlicer/debug/folders/1/5/slice_4
java_class_path (initial): /home/brabo/android-sdk-linux/build-tools/24.0.0-preview/lib/dx.jar
Launcher Type: SUN_STANDARD

Environment Variables:
PATH=/home/brabo/.rbenv/shims:/home/brabo/.rbenv/bin:/usr/local/heroku/bin:/usr/local/sbin:/usr/local/bin:/usr/sbin:/usr/bin:/sbin:/bin:/usr/games:/usr/local/games:/home/brabo/activator-dist-1.3.7/:/home/brabo/android-sdk-linux/platform-tools:/home/brabo/android-sdk-linux/tools:/home/brabo/android-studio-2/:/home/brabo/android-studio-2/bin:/home/brabo/eclipse/:/home/brabo/eclipse/eclipse:/home/brabo/gradle-2.10/bin:/home/brabo/gradle-2.10:/home/brabo/RubyMine-7.0.1:/home/brabo/RubyMine-7.0.1/bin:/home/brabo/activator-dist-1.3.7/:/home/brabo/android-sdk-linux/platform-tools:/home/brabo/android-sdk-linux/tools:/home/brabo/android-studio-2/:/home/brabo/android-studio-2/bin:/home/brabo/eclipse/:/home/brabo/eclipse/eclipse:/home/brabo/gradle-2.10/bin:/home/brabo/gradle-2.10:/home/brabo/RubyMine-7.0.1:/home/brabo/RubyMine-7.0.1/bin
LD_LIBRARY_PATH=/home/brabo/android-studio-2/bin:
SHELL=/bin/bash
DISPLAY=:0

Signal Handlers:
SIGSEGV: [libjvm.so+0xabca10], sa_mask[0]=11111111011111111101111111111110, sa_flags=SA_RESTART|SA_SIGINFO
SIGBUS: [libjvm.so+0xabca10], sa_mask[0]=11111111011111111101111111111110, sa_flags=SA_RESTART|SA_SIGINFO
SIGFPE: [libjvm.so+0x919a20], sa_mask[0]=11111111011111111101111111111110, sa_flags=SA_RESTART|SA_SIGINFO
SIGPIPE: [libjvm.so+0x919a20], sa_mask[0]=11111111011111111101111111111110, sa_flags=SA_RESTART|SA_SIGINFO
SIGXFSZ: [libjvm.so+0x919a20], sa_mask[0]=11111111011111111101111111111110, sa_flags=SA_RESTART|SA_SIGINFO
SIGILL: [libjvm.so+0x919a20], sa_mask[0]=11111111011111111101111111111110, sa_flags=SA_RESTART|SA_SIGINFO
SIGUSR1: SIG_DFL, sa_mask[0]=00000000000000000000000000000000, sa_flags=none
SIGUSR2: [libjvm.so+0x91b050], sa_mask[0]=00100000000000000000000000000000, sa_flags=SA_RESTART|SA_SIGINFO
SIGHUP: [libjvm.so+0x91c450], sa_mask[0]=11111111011111111101111111111110, sa_flags=SA_RESTART|SA_SIGINFO
SIGINT: [libjvm.so+0x91c450], sa_mask[0]=11111111011111111101111111111110, sa_flags=SA_RESTART|SA_SIGINFO
SIGTERM: [libjvm.so+0x91c450], sa_mask[0]=11111111011111111101111111111110, sa_flags=SA_RESTART|SA_SIGINFO
SIGQUIT: [libjvm.so+0x91c450], sa_mask[0]=11111111011111111101111111111110, sa_flags=SA_RESTART|SA_SIGINFO


---------------  S Y S T E M  ---------------

OS:DISTRIB_ID=Ubuntu
DISTRIB_RELEASE=14.04
DISTRIB_CODENAME=trusty
DISTRIB_DESCRIPTION="Ubuntu 14.04.4 LTS"

uname:Linux 3.13.0-88-generic #135-Ubuntu SMP Wed Jun 8 21:10:42 UTC 2016 x86_64
libc:glibc 2.19 NPTL 2.19 
rlimit: STACK 8192k, CORE 0k, NPROC 62709, NOFILE 4096, AS infinity
load average:11.38 4.03 2.43

/proc/meminfo:
MemTotal:        8092496 kB
MemFree:          244280 kB
Buffers:            2596 kB
Cached:           721044 kB
SwapCached:            0 kB
Active:          6913608 kB
Inactive:         679292 kB
Active(anon):    6888844 kB
Inactive(anon):   615672 kB
Active(file):      24764 kB
Inactive(file):    63620 kB
Unevictable:         240 kB
Mlocked:             240 kB
SwapTotal:             0 kB
SwapFree:              0 kB
Dirty:             16016 kB
Writeback:           220 kB
AnonPages:       6870088 kB
Mapped:           222220 kB
Shmem:            634520 kB
Slab:              99704 kB
SReclaimable:      50092 kB
SUnreclaim:        49612 kB
KernelStack:        7144 kB
PageTables:        62424 kB
NFS_Unstable:          0 kB
Bounce:                0 kB
WritebackTmp:          0 kB
CommitLimit:     4046248 kB
Committed_AS:   13061980 kB
VmallocTotal:   34359738367 kB
VmallocUsed:      361876 kB
VmallocChunk:   34359346016 kB
HardwareCorrupted:     0 kB
AnonHugePages:   2582528 kB
HugePages_Total:       0
HugePages_Free:        0
HugePages_Rsvd:        0
HugePages_Surp:        0
Hugepagesize:       2048 kB
DirectMap4k:      134836 kB
DirectMap2M:     8169472 kB
DirectMap1G:           0 kB


CPU:total 4 (2 cores per cpu, 2 threads per core) family 6 model 60 stepping 3, cmov, cx8, fxsr, mmx, sse, sse2, sse3, ssse3, sse4.1, sse4.2, popcnt, avx, avx2, aes, clmul, erms, lzcnt, ht, tsc, tscinvbit, bmi1, bmi2

/proc/cpuinfo:
processor	: 0
vendor_id	: GenuineIntel
cpu family	: 6
model		: 60
model name	: Intel(R) Core(TM) i5-4210H CPU @ 2.90GHz
stepping	: 3
microcode	: 0x1c
cpu MHz		: 2900.000
cache size	: 3072 KB
physical id	: 0
siblings	: 4
core id		: 0
cpu cores	: 2
apicid		: 0
initial apicid	: 0
fpu		: yes
fpu_exception	: yes
cpuid level	: 13
wp		: yes
flags		: fpu vme de pse tsc msr pae mce cx8 apic sep mtrr pge mca cmov pat pse36 clflush dts acpi mmx fxsr sse sse2 ss ht tm pbe syscall nx pdpe1gb rdtscp lm constant_tsc arch_perfmon pebs bts rep_good nopl xtopology nonstop_tsc aperfmperf eagerfpu pni pclmulqdq dtes64 monitor ds_cpl vmx est tm2 ssse3 fma cx16 xtpr pdcm pcid sse4_1 sse4_2 x2apic movbe popcnt tsc_deadline_timer aes xsave avx f16c rdrand lahf_lm abm ida arat epb xsaveopt pln pts dtherm tpr_shadow vnmi flexpriority ept vpid fsgsbase tsc_adjust bmi1 avx2 smep bmi2 erms invpcid
bogomips	: 5787.19
clflush size	: 64
cache_alignment	: 64
address sizes	: 39 bits physical, 48 bits virtual
power management:

processor	: 1
vendor_id	: GenuineIntel
cpu family	: 6
model		: 60
model name	: Intel(R) Core(TM) i5-4210H CPU @ 2.90GHz
stepping	: 3
microcode	: 0x1c
cpu MHz		: 800.000
cache size	: 3072 KB
physical id	: 0
siblings	: 4
core id		: 1
cpu cores	: 2
apicid		: 2
initial apicid	: 2
fpu		: yes
fpu_exception	: yes
cpuid level	: 13
wp		: yes
flags		: fpu vme de pse tsc msr pae mce cx8 apic sep mtrr pge mca cmov pat pse36 clflush dts acpi mmx fxsr sse sse2 ss ht tm pbe syscall nx pdpe1gb rdtscp lm constant_tsc arch_perfmon pebs bts rep_good nopl xtopology nonstop_tsc aperfmperf eagerfpu pni pclmulqdq dtes64 monitor ds_cpl vmx est tm2 ssse3 fma cx16 xtpr pdcm pcid sse4_1 sse4_2 x2apic movbe popcnt tsc_deadline_timer aes xsave avx f16c rdrand lahf_lm abm ida arat epb xsaveopt pln pts dtherm tpr_shadow vnmi flexpriority ept vpid fsgsbase tsc_adjust bmi1 avx2 smep bmi2 erms invpcid
bogomips	: 5787.19
clflush size	: 64
cache_alignment	: 64
address sizes	: 39 bits physical, 48 bits virtual
power management:

processor	: 2
vendor_id	: GenuineIntel
cpu family	: 6
model		: 60
model name	: Intel(R) Core(TM) i5-4210H CPU @ 2.90GHz
stepping	: 3
microcode	: 0x1c
cpu MHz		: 2901.000
cache size	: 3072 KB
physical id	: 0
siblings	: 4
core id		: 0
cpu cores	: 2
apicid		: 1
initial apicid	: 1
fpu		: yes
fpu_exception	: yes
cpuid level	: 13
wp		: yes
flags		: fpu vme de pse tsc msr pae mce cx8 apic sep mtrr pge mca cmov pat pse36 clflush dts acpi mmx fxsr sse sse2 ss ht tm pbe syscall nx pdpe1gb rdtscp lm constant_tsc arch_perfmon pebs bts rep_good nopl xtopology nonstop_tsc aperfmperf eagerfpu pni pclmulqdq dtes64 monitor ds_cpl vmx est tm2 ssse3 fma cx16 xtpr pdcm pcid sse4_1 sse4_2 x2apic movbe popcnt tsc_deadline_timer aes xsave avx f16c rdrand lahf_lm abm ida arat epb xsaveopt pln pts dtherm tpr_shadow vnmi flexpriority ept vpid fsgsbase tsc_adjust bmi1 avx2 smep bmi2 erms invpcid
bogomips	: 5787.19
clflush size	: 64
cache_alignment	: 64
address sizes	: 39 bits physical, 48 bits virtual
power management:

processor	: 3
vendor_id	: GenuineIntel
cpu family	: 6
model		: 60
model name	: Intel(R) Core(TM) i5-4210H CPU @ 2.90GHz
stepping	: 3
microcode	: 0x1c
cpu MHz		: 2901.000
cache size	: 3072 KB
physical id	: 0
siblings	: 4
core id		: 1
cpu cores	: 2
apicid		: 3
initial apicid	: 3
fpu		: yes
fpu_exception	: yes
cpuid level	: 13
wp		: yes
flags		: fpu vme de pse tsc msr pae mce cx8 apic sep mtrr pge mca cmov pat pse36 clflush dts acpi mmx fxsr sse sse2 ss ht tm pbe syscall nx pdpe1gb rdtscp lm constant_tsc arch_perfmon pebs bts rep_good nopl xtopology nonstop_tsc aperfmperf eagerfpu pni pclmulqdq dtes64 monitor ds_cpl vmx est tm2 ssse3 fma cx16 xtpr pdcm pcid sse4_1 sse4_2 x2apic movbe popcnt tsc_deadline_timer aes xsave avx f16c rdrand lahf_lm abm ida arat epb xsaveopt pln pts dtherm tpr_shadow vnmi flexpriority ept vpid fsgsbase tsc_adjust bmi1 avx2 smep bmi2 erms invpcid
bogomips	: 5787.19
clflush size	: 64
cache_alignment	: 64
address sizes	: 39 bits physical, 48 bits virtual
power management:



Memory: 4k page, physical 8092496k(244280k free), swap 0k(0k free)

vm_info: Java HotSpot(TM) 64-Bit Server VM (25.91-b14) for linux-amd64 JRE (1.8.0_91-b14), built on Apr  1 2016 00:57:21 by "java_re" with gcc 4.3.0 20080428 (Red Hat 4.3.0-8)

time: Tue Jun 21 18:47:13 2016
elapsed time: 20 seconds (0d 0h 0m 20s)

