#
# There is insufficient memory for the Java Runtime Environment to continue.
# Native memory allocation (mmap) failed to map 174063616 bytes for committing reserved memory.
# Possible reasons:
#   The system is out of physical RAM or swap space
#   In 32 bit mode, the process size limit was hit
# Possible solutions:
#   Reduce memory load on the system
#   Increase physical memory or swap space
#   Check if swap backing store is full
#   Use 64 bit Java on a 64 bit OS
#   Decrease Java heap size (-Xmx/-Xms)
#   Decrease number of Java threads
#   Decrease Java thread stack sizes (-Xss)
#   Set larger code cache with -XX:ReservedCodeCacheSize=
# This output file may be truncated or incomplete.
#
#  Out of Memory Error (os_linux.cpp:2627), pid=6685, tid=140655563986688
#
# JRE version: Java(TM) SE Runtime Environment (8.0_91-b14) (build 1.8.0_91-b14)
# Java VM: Java HotSpot(TM) 64-Bit Server VM (25.91-b14 mixed mode linux-amd64 compressed oops)
# Failed to write core dump. Core dumps have been disabled. To enable core dumping, try "ulimit -c unlimited" before starting Java again
#

---------------  T H R E A D  ---------------

Current thread (0x00007fed04078000):  VMThread [stack: 0x00007fececdd5000,0x00007fececed6000] [id=6713]

Stack: [0x00007fececdd5000,0x00007fececed6000],  sp=0x00007fececed4260,  free space=1020k
Native frames: (J=compiled Java code, j=interpreted, Vv=VM code, C=native code)
V  [libjvm.so+0xabc18a]  VMError::report_and_die()+0x2ba
V  [libjvm.so+0x4fafeb]  report_vm_out_of_memory(char const*, int, unsigned long, VMErrorType, char const*)+0x8b
V  [libjvm.so+0x91cbb3]  os::Linux::commit_memory_impl(char*, unsigned long, bool)+0x103
V  [libjvm.so+0x91d109]  os::pd_commit_memory(char*, unsigned long, unsigned long, bool)+0x29
V  [libjvm.so+0x91740a]  os::commit_memory(char*, unsigned long, unsigned long, bool)+0x2a
V  [libjvm.so+0x98b033]  PSVirtualSpace::expand_by(unsigned long)+0x53
V  [libjvm.so+0x98c438]  PSYoungGen::resize_generation(unsigned long, unsigned long)+0xf8
V  [libjvm.so+0x98b592]  PSYoungGen::resize(unsigned long, unsigned long)+0x22
V  [libjvm.so+0x98886b]  PSScavenge::invoke_no_policy()+0xf3b
V  [libjvm.so+0x988ff1]  PSScavenge::invoke()+0x41
V  [libjvm.so+0x9408b0]  ParallelScavengeHeap::failed_mem_allocate(unsigned long)+0x70
V  [libjvm.so+0xabdba7]  VM_ParallelGCFailedAllocation::doit()+0x97
V  [libjvm.so+0xac55d5]  VM_Operation::evaluate()+0x55
V  [libjvm.so+0xac39aa]  VMThread::evaluate_operation(VM_Operation*)+0xba
V  [libjvm.so+0xac3d2e]  VMThread::loop()+0x1ce
V  [libjvm.so+0xac41a0]  VMThread::run()+0x70
V  [libjvm.so+0x91ef78]  java_start(Thread*)+0x108

VM_Operation (0x00007fece7dfbdf0): ParallelGCFailedAllocation, mode: safepoint, requested by thread 0x00007fed04136800


---------------  P R O C E S S  ---------------

Java Threads: ( => current thread )
  0x00007fed0413e800 JavaThread "pool-2-thread-4" [_thread_blocked, id=6768, stack(0x00007fece78f9000,0x00007fece79fa000)]
  0x00007fed0413d000 JavaThread "pool-2-thread-3" [_thread_blocked, id=6767, stack(0x00007fece79fa000,0x00007fece7afb000)]
  0x00007fed0413b800 JavaThread "pool-2-thread-2" [_thread_blocked, id=6766, stack(0x00007fece7afb000,0x00007fece7bfc000)]
  0x00007fed04138800 JavaThread "pool-3-thread-1" [_thread_blocked, id=6765, stack(0x00007fece7bfc000,0x00007fece7cfd000)]
  0x00007fed04136800 JavaThread "pool-2-thread-1" [_thread_blocked, id=6764, stack(0x00007fece7cfd000,0x00007fece7dfe000)]
  0x00007fed040c0800 JavaThread "Service Thread" daemon [_thread_blocked, id=6733, stack(0x00007fece7eff000,0x00007fece8000000)]
  0x00007fed040bd000 JavaThread "C1 CompilerThread2" daemon [_thread_blocked, id=6731, stack(0x00007fecec0ed000,0x00007fecec1ee000)]
  0x00007fed040bb800 JavaThread "C2 CompilerThread1" daemon [_thread_blocked, id=6727, stack(0x00007fecec1ee000,0x00007fecec2ef000)]
  0x00007fed040b8800 JavaThread "C2 CompilerThread0" daemon [_thread_blocked, id=6726, stack(0x00007fecec2ef000,0x00007fecec3f0000)]
  0x00007fed040b7000 JavaThread "Signal Dispatcher" daemon [_thread_blocked, id=6725, stack(0x00007fecec3f0000,0x00007fecec4f1000)]
  0x00007fed04084000 JavaThread "Finalizer" daemon [_thread_blocked, id=6717, stack(0x00007fececbd3000,0x00007fececcd4000)]
  0x00007fed0407f800 JavaThread "Reference Handler" daemon [_thread_blocked, id=6716, stack(0x00007fececcd4000,0x00007fececdd5000)]
  0x00007fed0400a000 JavaThread "main" [_thread_blocked, id=6693, stack(0x00007fed0b49d000,0x00007fed0b59e000)]

Other Threads:
=>0x00007fed04078000 VMThread [stack: 0x00007fececdd5000,0x00007fececed6000] [id=6713]
  0x00007fed040c3000 WatcherThread [stack: 0x00007fece7dfe000,0x00007fece7eff000] [id=6737]

VM state:at safepoint (normal execution)

VM Mutex/Monitor currently owned by a thread:  ([mutex/lock_event])
[0x00007fed04006570] Threads_lock - owner thread: 0x00007fed04078000
[0x00007fed04006a70] Heap_lock - owner thread: 0x00007fed04136800

Heap:
 PSYoungGen      total 132096K, used 5097K [0x00000000eab00000, 0x00000000f3100000, 0x0000000100000000)
  eden space 126976K, 0% used [0x00000000eab00000,0x00000000eab00000,0x00000000f2700000)
  from space 5120K, 99% used [0x00000000f2700000,0x00000000f2bfa658,0x00000000f2c00000)
  to   space 5120K, 0% used [0x00000000f2c00000,0x00000000f2c00000,0x00000000f3100000)
 ParOldGen       total 84992K, used 41490K [0x00000000c0000000, 0x00000000c5300000, 0x00000000eab00000)
  object space 84992K, 48% used [0x00000000c0000000,0x00000000c2884970,0x00000000c5300000)
 Metaspace       used 6230K, capacity 7128K, committed 7424K, reserved 1056768K
  class space    used 614K, capacity 656K, committed 768K, reserved 1048576K

Card table byte_map: [0x00007fed0805e000,0x00007fed0825f000] byte_map_base: 0x00007fed07a5e000

Marking Bits: (ParMarkBitMap*) 0x00007fed0a974d60
 Begin Bits: [0x00007fecee000000, 0x00007fecef000000)
 End Bits:   [0x00007fecef000000, 0x00007fecf0000000)

Polling page: 0x00007fed0b5bd000

CodeCache: size=245760Kb used=6208Kb max_used=6208Kb free=239551Kb
 bounds [0x00007fecf5000000, 0x00007fecf5620000, 0x00007fed04000000]
 total_blobs=1937 nmethods=1669 adapters=182
 compilation: enabled

Compilation events (10 events):
Event: 6.343 Thread 0x00007fed040bd000 nmethod 2015 0x00007fecf5610e10 code [0x00007fecf5611000, 0x00007fecf5611518]
Event: 6.343 Thread 0x00007fed040bd000 1934       2       com.android.dx.dex.file.ClassDataItem::addVirtualMethod (24 bytes)
Event: 6.343 Thread 0x00007fed040bd000 nmethod 1934 0x00007fecf5611890 code [0x00007fecf5611a20, 0x00007fecf5611d78]
Event: 6.343 Thread 0x00007fed040bd000 1995       2       com.android.dx.rop.annotation.Annotation::<init> (54 bytes)
Event: 6.374 Thread 0x00007fed040bd000 nmethod 1995 0x00007fecf5612010 code [0x00007fecf56121a0, 0x00007fecf56124f8]
Event: 6.374 Thread 0x00007fed040bd000 2029 %     3       com.android.dx.ssa.back.FirstFitLocalCombiningAllocator::tryMapRegs @ 9 (110 bytes)
Event: 6.376 Thread 0x00007fed040bd000 nmethod 2029% 0x00007fecf5612650 code [0x00007fecf56128a0, 0x00007fecf5613728]
Event: 6.376 Thread 0x00007fed040bd000 2018       2       java.lang.String::lastIndexOf (151 bytes)
Event: 6.376 Thread 0x00007fed040bd000 nmethod 2018 0x00007fecf5613ed0 code [0x00007fecf5614060, 0x00007fecf56143f0]
Event: 6.376 Thread 0x00007fed040bd000 2027       2       com.android.dx.ssa.back.FirstFitLocalCombiningAllocator::processPhiInsn (255 bytes)

GC Heap History (9 events):
Event: 1.685 GC heap before
{Heap before GC invocations=1 (full 0):
 PSYoungGen      total 36864K, used 31744K [0x00000000eab00000, 0x00000000ed400000, 0x0000000100000000)
  eden space 31744K, 100% used [0x00000000eab00000,0x00000000eca00000,0x00000000eca00000)
  from space 5120K, 0% used [0x00000000ecf00000,0x00000000ecf00000,0x00000000ed400000)
  to   space 5120K, 0% used [0x00000000eca00000,0x00000000eca00000,0x00000000ecf00000)
 ParOldGen       total 84992K, used 0K [0x00000000c0000000, 0x00000000c5300000, 0x00000000eab00000)
  object space 84992K, 0% used [0x00000000c0000000,0x00000000c0000000,0x00000000c5300000)
 Metaspace       used 5701K, capacity 6704K, committed 6784K, reserved 1056768K
  class space    used 590K, capacity 616K, committed 640K, reserved 1048576K
Event: 1.703 GC heap after
Heap after GC invocations=1 (full 0):
 PSYoungGen      total 36864K, used 5102K [0x00000000eab00000, 0x00000000ef300000, 0x0000000100000000)
  eden space 31744K, 0% used [0x00000000eab00000,0x00000000eab00000,0x00000000eca00000)
  from space 5120K, 99% used [0x00000000eca00000,0x00000000ecefbb88,0x00000000ecf00000)
  to   space 5120K, 0% used [0x00000000eee00000,0x00000000eee00000,0x00000000ef300000)
 ParOldGen       total 84992K, used 32K [0x00000000c0000000, 0x00000000c5300000, 0x00000000eab00000)
  object space 84992K, 0% used [0x00000000c0000000,0x00000000c0008000,0x00000000c5300000)
 Metaspace       used 5701K, capacity 6704K, committed 6784K, reserved 1056768K
  class space    used 590K, capacity 616K, committed 640K, reserved 1048576K
}
Event: 2.549 GC heap before
{Heap before GC invocations=2 (full 0):
 PSYoungGen      total 36864K, used 36846K [0x00000000eab00000, 0x00000000ef300000, 0x0000000100000000)
  eden space 31744K, 100% used [0x00000000eab00000,0x00000000eca00000,0x00000000eca00000)
  from space 5120K, 99% used [0x00000000eca00000,0x00000000ecefbb88,0x00000000ecf00000)
  to   space 5120K, 0% used [0x00000000eee00000,0x00000000eee00000,0x00000000ef300000)
 ParOldGen       total 84992K, used 32K [0x00000000c0000000, 0x00000000c5300000, 0x00000000eab00000)
  object space 84992K, 0% used [0x00000000c0000000,0x00000000c0008000,0x00000000c5300000)
 Metaspace       used 5828K, capacity 6832K, committed 7040K, reserved 1056768K
  class space    used 592K, capacity 616K, committed 640K, reserved 1048576K
Event: 2.577 GC heap after
Heap after GC invocations=2 (full 0):
 PSYoungGen      total 68608K, used 5103K [0x00000000eab00000, 0x00000000ef300000, 0x0000000100000000)
  eden space 63488K, 0% used [0x00000000eab00000,0x00000000eab00000,0x00000000ee900000)
  from space 5120K, 99% used [0x00000000eee00000,0x00000000ef2fbe68,0x00000000ef300000)
  to   space 5120K, 0% used [0x00000000ee900000,0x00000000ee900000,0x00000000eee00000)
 ParOldGen       total 84992K, used 3488K [0x00000000c0000000, 0x00000000c5300000, 0x00000000eab00000)
  object space 84992K, 4% used [0x00000000c0000000,0x00000000c0368268,0x00000000c5300000)
 Metaspace       used 5828K, capacity 6832K, committed 7040K, reserved 1056768K
  class space    used 592K, capacity 616K, committed 640K, reserved 1048576K
}
Event: 3.468 GC heap before
{Heap before GC invocations=3 (full 0):
 PSYoungGen      total 68608K, used 68591K [0x00000000eab00000, 0x00000000ef300000, 0x0000000100000000)
  eden space 63488K, 100% used [0x00000000eab00000,0x00000000ee900000,0x00000000ee900000)
  from space 5120K, 99% used [0x00000000eee00000,0x00000000ef2fbe68,0x00000000ef300000)
  to   space 5120K, 0% used [0x00000000ee900000,0x00000000ee900000,0x00000000eee00000)
 ParOldGen       total 84992K, used 3488K [0x00000000c0000000, 0x00000000c5300000, 0x00000000eab00000)
  object space 84992K, 4% used [0x00000000c0000000,0x00000000c0368268,0x00000000c5300000)
 Metaspace       used 5910K, capacity 6896K, committed 7040K, reserved 1056768K
  class space    used 594K, capacity 616K, committed 640K, reserved 1048576K
Event: 3.553 GC heap after
Heap after GC invocations=3 (full 0):
 PSYoungGen      total 68608K, used 5103K [0x00000000eab00000, 0x00000000f3100000, 0x0000000100000000)
  eden space 63488K, 0% used [0x00000000eab00000,0x00000000eab00000,0x00000000ee900000)
  from space 5120K, 99% used [0x00000000ee900000,0x00000000eedfbe10,0x00000000eee00000)
  to   space 5120K, 0% used [0x00000000f2c00000,0x00000000f2c00000,0x00000000f3100000)
 ParOldGen       total 84992K, used 12427K [0x00000000c0000000, 0x00000000c5300000, 0x00000000eab00000)
  object space 84992K, 14% used [0x00000000c0000000,0x00000000c0c22d98,0x00000000c5300000)
 Metaspace       used 5910K, capacity 6896K, committed 7040K, reserved 1056768K
  class space    used 594K, capacity 616K, committed 640K, reserved 1048576K
}
Event: 4.446 GC heap before
{Heap before GC invocations=4 (full 0):
 PSYoungGen      total 68608K, used 68591K [0x00000000eab00000, 0x00000000f3100000, 0x0000000100000000)
  eden space 63488K, 100% used [0x00000000eab00000,0x00000000ee900000,0x00000000ee900000)
  from space 5120K, 99% used [0x00000000ee900000,0x00000000eedfbe10,0x00000000eee00000)
  to   space 5120K, 0% used [0x00000000f2c00000,0x00000000f2c00000,0x00000000f3100000)
 ParOldGen       total 84992K, used 12427K [0x00000000c0000000, 0x00000000c5300000, 0x00000000eab00000)
  object space 84992K, 14% used [0x00000000c0000000,0x00000000c0c22d98,0x00000000c5300000)
 Metaspace       used 5975K, capacity 6960K, committed 7040K, reserved 1056768K
  class space    used 594K, capacity 616K, committed 640K, reserved 1048576K
Event: 4.536 GC heap after
Heap after GC invocations=4 (full 0):
 PSYoungGen      total 132096K, used 5089K [0x00000000eab00000, 0x00000000f3100000, 0x0000000100000000)
  eden space 126976K, 0% used [0x00000000eab00000,0x00000000eab00000,0x00000000f2700000)
  from space 5120K, 99% used [0x00000000f2c00000,0x00000000f30f85d8,0x00000000f3100000)
  to   space 5120K, 0% used [0x00000000f2700000,0x00000000f2700000,0x00000000f2c00000)
 ParOldGen       total 84992K, used 21975K [0x00000000c0000000, 0x00000000c5300000, 0x00000000eab00000)
  object space 84992K, 25% used [0x00000000c0000000,0x00000000c1575f60,0x00000000c5300000)
 Metaspace       used 5975K, capacity 6960K, committed 7040K, reserved 1056768K
  class space    used 594K, capacity 616K, committed 640K, reserved 1048576K
}
Event: 6.396 GC heap before
{Heap before GC invocations=5 (full 0):
 PSYoungGen      total 132096K, used 132065K [0x00000000eab00000, 0x00000000f3100000, 0x0000000100000000)
  eden space 126976K, 100% used [0x00000000eab00000,0x00000000f2700000,0x00000000f2700000)
  from space 5120K, 99% used [0x00000000f2c00000,0x00000000f30f85d8,0x00000000f3100000)
  to   space 5120K, 0% used [0x00000000f2700000,0x00000000f2700000,0x00000000f2c00000)
 ParOldGen       total 84992K, used 21975K [0x00000000c0000000, 0x00000000c5300000, 0x00000000eab00000)
  object space 84992K, 25% used [0x00000000c0000000,0x00000000c1575f60,0x00000000c5300000)
 Metaspace       used 6230K, capacity 7128K, committed 7424K, reserved 1056768K
  class space    used 614K, capacity 656K, committed 768K, reserved 1048576K

Deoptimization events (10 events):
Event: 2.595 Thread 0x00007fed0400a000 Uncommon trap: reason=unstable_if action=reinterpret pc=0x00007fecf52bbb60 method=com.android.dx.rop.code.RegisterSpec.equals(ILcom/android/dx/rop/type/TypeBearer;Lcom/android/dx/rop/code/LocalItem;)Z @ 42
Event: 2.705 Thread 0x00007fed0413b800 Uncommon trap: reason=null_check action=make_not_entrant pc=0x00007fecf52d3ee4 method=com.android.dx.ssa.SsaRenamer.getLocalForNewReg(I)Lcom/android/dx/rop/code/LocalItem; @ 19
Event: 2.805 Thread 0x00007fed0413b800 Uncommon trap: reason=bimorphic action=maybe_recompile pc=0x00007fecf521964c method=java.util.HashMap.getNode(ILjava/lang/Object;)Ljava/util/HashMap$Node; @ 126
Event: 2.805 Thread 0x00007fed0413b800 Uncommon trap: reason=bimorphic action=maybe_recompile pc=0x00007fecf521964c method=java.util.HashMap.getNode(ILjava/lang/Object;)Ljava/util/HashMap$Node; @ 126
Event: 2.805 Thread 0x00007fed0413b800 Uncommon trap: reason=bimorphic action=maybe_recompile pc=0x00007fecf521964c method=java.util.HashMap.getNode(ILjava/lang/Object;)Ljava/util/HashMap$Node; @ 126
Event: 2.805 Thread 0x00007fed0413b800 Uncommon trap: reason=bimorphic action=maybe_recompile pc=0x00007fecf521964c method=java.util.HashMap.getNode(ILjava/lang/Object;)Ljava/util/HashMap$Node; @ 126
Event: 2.806 Thread 0x00007fed0413b800 Uncommon trap: reason=bimorphic action=maybe_recompile pc=0x00007fecf522bfd4 method=java.util.HashMap.getNode(ILjava/lang/Object;)Ljava/util/HashMap$Node; @ 126
Event: 4.279 Thread 0x00007fed0413d000 Uncommon trap: reason=unstable_if action=reinterpret pc=0x00007fecf53c14f8 method=com.android.dx.ssa.SCCP.simulateStmt(Lcom/android/dx/ssa/SsaInsn;)V @ 53
Event: 5.994 Thread 0x00007fed0413b800 Uncommon trap: reason=unstable_if action=reinterpret pc=0x00007fecf52e298c method=java.util.HashMap.putVal(ILjava/lang/Object;Ljava/lang/Object;ZZ)Ljava/lang/Object; @ 162
Event: 5.996 Thread 0x00007fed0413b800 Uncommon trap: reason=unstable_if action=reinterpret pc=0x00007fecf53beb2c method=java.util.HashMap.getNode(ILjava/lang/Object;)Ljava/util/HashMap$Node; @ 84

Internal exceptions (6 events):
Event: 0.056 Thread 0x00007fed0400a000 Exception <a 'java/lang/NoSuchMethodError': Method sun.misc.Unsafe.defineClass(Ljava/lang/String;[BII)Ljava/lang/Class; name or signature does not match> (0x00000000eab07cc0) thrown at [/HUDSON/workspace/8-2-build-linux-amd64/jdk8u91/6644/hotspot/src/shar
Event: 0.056 Thread 0x00007fed0400a000 Exception <a 'java/lang/NoSuchMethodError': Method sun.misc.Unsafe.prefetchRead(Ljava/lang/Object;J)V name or signature does not match> (0x00000000eab07fa8) thrown at [/HUDSON/workspace/8-2-build-linux-amd64/jdk8u91/6644/hotspot/src/share/vm/prims/jni.cpp
Event: 2.705 Thread 0x00007fed0413b800 Implicit null exception at 0x00007fecf52d1993 to 0x00007fecf52d3e9d
Event: 5.995 Thread 0x00007fed0413b800 Exception <a 'java/lang/ArrayIndexOutOfBoundsException': 18> (0x00000000f0c25848) thrown at [/HUDSON/workspace/8-2-build-linux-amd64/jdk8u91/6644/hotspot/src/share/vm/interpreter/interpreterRuntime.cpp, line 366]
Event: 5.995 Thread 0x00007fed0413b800 Exception <a 'java/lang/ArrayIndexOutOfBoundsException': 145> (0x00000000f0c273c8) thrown at [/HUDSON/workspace/8-2-build-linux-amd64/jdk8u91/6644/hotspot/src/share/vm/interpreter/interpreterRuntime.cpp, line 366]
Event: 5.996 Thread 0x00007fed0413b800 Exception <a 'java/lang/ArrayIndexOutOfBoundsException': 40> (0x00000000f0c286b0) thrown at [/HUDSON/workspace/8-2-build-linux-amd64/jdk8u91/6644/hotspot/src/share/vm/interpreter/interpreterRuntime.cpp, line 366]

Events (10 events):
Event: 6.083 Thread 0x00007fed0413b800 DEOPT UNPACKING pc=0x00007fecf5047633 sp=0x00007fece7bf9ba8 mode 0
Event: 6.104 Thread 0x00007fed0413b800 DEOPT PACKING pc=0x00007fecf5384bac sp=0x00007fece7bf9fd0
Event: 6.104 Thread 0x00007fed0413b800 DEOPT UNPACKING pc=0x00007fecf5047633 sp=0x00007fece7bf9cd0 mode 0
Event: 6.204 Thread 0x00007fed0413e800 DEOPT PACKING pc=0x00007fecf521d679 sp=0x00007fece79f7f10
Event: 6.226 Thread 0x00007fed0413e800 DEOPT UNPACKING pc=0x00007fecf5047633 sp=0x00007fece79f7c60 mode 0
Event: 6.338 Thread 0x00007fed04136800 DEOPT PACKING pc=0x00007fecf5337148 sp=0x00007fece7dfbf30
Event: 6.338 Thread 0x00007fed04136800 DEOPT UNPACKING pc=0x00007fecf5047633 sp=0x00007fece7dfbcb8 mode 0
Event: 6.384 Thread 0x00007fed04136800 DEOPT PACKING pc=0x00007fecf5384bac sp=0x00007fece7dfc170
Event: 6.384 Thread 0x00007fed04136800 DEOPT UNPACKING pc=0x00007fecf5047633 sp=0x00007fece7dfbe70 mode 0
Event: 6.385 Executing VM operation: ParallelGCFailedAllocation


Dynamic libraries:
00400000-00401000 r-xp 00000000 08:05 15861205                           /usr/lib/jvm/java-8-oracle/bin/java
00600000-00601000 rw-p 00000000 08:05 15861205                           /usr/lib/jvm/java-8-oracle/bin/java
016a0000-016c1000 rw-p 00000000 00:00 0                                  [heap]
c0000000-c5300000 rw-p 00000000 00:00 0 
c5300000-eab00000 ---p 00000000 00:00 0 
eab00000-f3100000 rw-p 00000000 00:00 0 
fd700000-100000000 ---p 00000000 00:00 0 
100000000-1000c0000 rw-p 00000000 00:00 0 
1000c0000-140000000 ---p 00000000 00:00 0 
7feca0000000-7feca0024000 rw-p 00000000 00:00 0 
7feca0024000-7feca4000000 ---p 00000000 00:00 0 
7feca8000000-7feca8021000 rw-p 00000000 00:00 0 
7feca8021000-7fecac000000 ---p 00000000 00:00 0 
7fecac000000-7fecac02f000 rw-p 00000000 00:00 0 
7fecac02f000-7fecb0000000 ---p 00000000 00:00 0 
7fecb0000000-7fecb0035000 rw-p 00000000 00:00 0 
7fecb0035000-7fecb4000000 ---p 00000000 00:00 0 
7fecb4000000-7fecb4021000 rw-p 00000000 00:00 0 
7fecb4021000-7fecb8000000 ---p 00000000 00:00 0 
7fecb8000000-7fecb8021000 rw-p 00000000 00:00 0 
7fecb8021000-7fecbc000000 ---p 00000000 00:00 0 
7fecbc000000-7fecbc021000 rw-p 00000000 00:00 0 
7fecbc021000-7fecc0000000 ---p 00000000 00:00 0 
7fecc0000000-7fecc086f000 rw-p 00000000 00:00 0 
7fecc086f000-7fecc4000000 ---p 00000000 00:00 0 
7fecc4000000-7fecc4935000 rw-p 00000000 00:00 0 
7fecc4935000-7fecc8000000 ---p 00000000 00:00 0 
7fecc8000000-7fecc8021000 rw-p 00000000 00:00 0 
7fecc8021000-7feccc000000 ---p 00000000 00:00 0 
7feccc000000-7feccc839000 rw-p 00000000 00:00 0 
7feccc839000-7fecd0000000 ---p 00000000 00:00 0 
7fecd0000000-7fecd0021000 rw-p 00000000 00:00 0 
7fecd0021000-7fecd4000000 ---p 00000000 00:00 0 
7fecd4000000-7fecd4021000 rw-p 00000000 00:00 0 
7fecd4021000-7fecd8000000 ---p 00000000 00:00 0 
7fecd8000000-7fecd8021000 rw-p 00000000 00:00 0 
7fecd8021000-7fecdc000000 ---p 00000000 00:00 0 
7fecdc000000-7fecdc294000 rw-p 00000000 00:00 0 
7fecdc294000-7fece0000000 ---p 00000000 00:00 0 
7fece0000000-7fece0021000 rw-p 00000000 00:00 0 
7fece0021000-7fece4000000 ---p 00000000 00:00 0 
7fece78f9000-7fece78fc000 ---p 00000000 00:00 0 
7fece78fc000-7fece79fa000 rw-p 00000000 00:00 0                          [stack:6768]
7fece79fa000-7fece79fd000 ---p 00000000 00:00 0 
7fece79fd000-7fece7afb000 rw-p 00000000 00:00 0                          [stack:6767]
7fece7afb000-7fece7afe000 ---p 00000000 00:00 0 
7fece7afe000-7fece7bfc000 rw-p 00000000 00:00 0                          [stack:6766]
7fece7bfc000-7fece7bff000 ---p 00000000 00:00 0 
7fece7bff000-7fece7cfd000 rw-p 00000000 00:00 0                          [stack:6765]
7fece7cfd000-7fece7d00000 ---p 00000000 00:00 0 
7fece7d00000-7fece7dfe000 rw-p 00000000 00:00 0                          [stack:6764]
7fece7dfe000-7fece7dff000 ---p 00000000 00:00 0 
7fece7dff000-7fece7eff000 rw-p 00000000 00:00 0                          [stack:6737]
7fece7eff000-7fece7f02000 ---p 00000000 00:00 0 
7fece7f02000-7fece8000000 rw-p 00000000 00:00 0                          [stack:6733]
7fece8000000-7fece8021000 rw-p 00000000 00:00 0 
7fece8021000-7fecec000000 ---p 00000000 00:00 0 
7fecec0d7000-7fecec0ed000 r--s 000f1000 08:05 1706510                    /home/brabo/AndroidStudioProjects/Matano/app/build/intermediates/exploded-aar/com.android.support/support-v4/23.4.0/jars/classes.jar
7fecec0ed000-7fecec0f0000 ---p 00000000 00:00 0 
7fecec0f0000-7fecec1ee000 rw-p 00000000 00:00 0                          [stack:6731]
7fecec1ee000-7fecec1f1000 ---p 00000000 00:00 0 
7fecec1f1000-7fecec2ef000 rw-p 00000000 00:00 0                          [stack:6727]
7fecec2ef000-7fecec2f2000 ---p 00000000 00:00 0 
7fecec2f2000-7fecec3f0000 rw-p 00000000 00:00 0                          [stack:6726]
7fecec3f0000-7fecec3f3000 ---p 00000000 00:00 0 
7fecec3f3000-7fecec4f1000 rw-p 00000000 00:00 0                          [stack:6725]
7fecec4f1000-7fececbd3000 r--p 00000000 08:05 15735423                   /usr/lib/locale/locale-archive
7fececbd3000-7fececbd6000 ---p 00000000 00:00 0 
7fececbd6000-7fececcd4000 rw-p 00000000 00:00 0                          [stack:6717]
7fececcd4000-7fececcd7000 ---p 00000000 00:00 0 
7fececcd7000-7fececdd5000 rw-p 00000000 00:00 0                          [stack:6716]
7fececdd5000-7fececdd6000 ---p 00000000 00:00 0 
7fececdd6000-7fecede27000 rw-p 00000000 00:00 0                          [stack:6713]
7fecede27000-7fecee000000 r--s 03d1f000 08:05 15868686                   /usr/lib/jvm/java-8-oracle/jre/lib/rt.jar
7fecee000000-7fecf0000000 rw-p 00000000 00:00 0 
7fecf0000000-7fecf0021000 rw-p 00000000 00:00 0 
7fecf0021000-7fecf4000000 ---p 00000000 00:00 0 
7fecf400f000-7fecf4726000 rw-p 00000000 00:00 0 
7fecf4726000-7fecf48a6000 ---p 00000000 00:00 0 
7fecf48a6000-7fecf4aa6000 rw-p 00000000 00:00 0 
7fecf4aa6000-7fecf4aa7000 ---p 00000000 00:00 0 
7fecf4aa7000-7fecf4ba7000 rw-p 00000000 00:00 0                          [stack:6708]
7fecf4ba7000-7fecf4ba8000 ---p 00000000 00:00 0 
7fecf4ba8000-7fecf4ca8000 rw-p 00000000 00:00 0                          [stack:6704]
7fecf4ca8000-7fecf4ca9000 ---p 00000000 00:00 0 
7fecf4ca9000-7fecf4da9000 rw-p 00000000 00:00 0                          [stack:6700]
7fecf4da9000-7fecf4daa000 ---p 00000000 00:00 0 
7fecf4daa000-7fecf4ed4000 rw-p 00000000 00:00 0                          [stack:6699]
7fecf4ed4000-7fecf5000000 ---p 00000000 00:00 0 
7fecf5000000-7fecf5620000 rwxp 00000000 00:00 0 
7fecf5620000-7fed04000000 ---p 00000000 00:00 0 
7fed04000000-7fed0438f000 rw-p 00000000 00:00 0 
7fed0438f000-7fed08000000 ---p 00000000 00:00 0 
7fed0800f000-7fed08088000 rw-p 00000000 00:00 0 
7fed08088000-7fed081b3000 ---p 00000000 00:00 0 
7fed081b3000-7fed081f7000 rw-p 00000000 00:00 0 
7fed081f7000-7fed0825e000 ---p 00000000 00:00 0 
7fed0825e000-7fed08278000 rw-p 00000000 00:00 0 
7fed08278000-7fed0861f000 ---p 00000000 00:00 0 
7fed0861f000-7fed08639000 r-xp 00000000 08:05 15879345                   /usr/lib/jvm/java-8-oracle/jre/lib/amd64/libzip.so
7fed08639000-7fed08839000 ---p 0001a000 08:05 15879345                   /usr/lib/jvm/java-8-oracle/jre/lib/amd64/libzip.so
7fed08839000-7fed0883a000 rw-p 0001a000 08:05 15879345                   /usr/lib/jvm/java-8-oracle/jre/lib/amd64/libzip.so
7fed0883a000-7fed08844000 r-xp 00000000 08:05 16785620                   /lib/x86_64-linux-gnu/libnss_files-2.19.so
7fed08844000-7fed08a43000 ---p 0000a000 08:05 16785620                   /lib/x86_64-linux-gnu/libnss_files-2.19.so
7fed08a43000-7fed08a44000 r--p 00009000 08:05 16785620                   /lib/x86_64-linux-gnu/libnss_files-2.19.so
7fed08a44000-7fed08a45000 rw-p 0000a000 08:05 16785620                   /lib/x86_64-linux-gnu/libnss_files-2.19.so
7fed08a45000-7fed08a50000 r-xp 00000000 08:05 16785612                   /lib/x86_64-linux-gnu/libnss_nis-2.19.so
7fed08a50000-7fed08c4f000 ---p 0000b000 08:05 16785612                   /lib/x86_64-linux-gnu/libnss_nis-2.19.so
7fed08c4f000-7fed08c50000 r--p 0000a000 08:05 16785612                   /lib/x86_64-linux-gnu/libnss_nis-2.19.so
7fed08c50000-7fed08c51000 rw-p 0000b000 08:05 16785612                   /lib/x86_64-linux-gnu/libnss_nis-2.19.so
7fed08c51000-7fed08c68000 r-xp 00000000 08:05 16785606                   /lib/x86_64-linux-gnu/libnsl-2.19.so
7fed08c68000-7fed08e67000 ---p 00017000 08:05 16785606                   /lib/x86_64-linux-gnu/libnsl-2.19.so
7fed08e67000-7fed08e68000 r--p 00016000 08:05 16785606                   /lib/x86_64-linux-gnu/libnsl-2.19.so
7fed08e68000-7fed08e69000 rw-p 00017000 08:05 16785606                   /lib/x86_64-linux-gnu/libnsl-2.19.so
7fed08e69000-7fed08e6b000 rw-p 00000000 00:00 0 
7fed08e6b000-7fed08e74000 r-xp 00000000 08:05 16785605                   /lib/x86_64-linux-gnu/libnss_compat-2.19.so
7fed08e74000-7fed09073000 ---p 00009000 08:05 16785605                   /lib/x86_64-linux-gnu/libnss_compat-2.19.so
7fed09073000-7fed09074000 r--p 00008000 08:05 16785605                   /lib/x86_64-linux-gnu/libnss_compat-2.19.so
7fed09074000-7fed09075000 rw-p 00009000 08:05 16785605                   /lib/x86_64-linux-gnu/libnss_compat-2.19.so
7fed09075000-7fed0909f000 r-xp 00000000 08:05 15879318                   /usr/lib/jvm/java-8-oracle/jre/lib/amd64/libjava.so
7fed0909f000-7fed0929f000 ---p 0002a000 08:05 15879318                   /usr/lib/jvm/java-8-oracle/jre/lib/amd64/libjava.so
7fed0929f000-7fed092a1000 rw-p 0002a000 08:05 15879318                   /usr/lib/jvm/java-8-oracle/jre/lib/amd64/libjava.so
7fed092a1000-7fed092ae000 r-xp 00000000 08:05 15879317                   /usr/lib/jvm/java-8-oracle/jre/lib/amd64/libverify.so
7fed092ae000-7fed094ae000 ---p 0000d000 08:05 15879317                   /usr/lib/jvm/java-8-oracle/jre/lib/amd64/libverify.so
7fed094ae000-7fed094b0000 rw-p 0000d000 08:05 15879317                   /usr/lib/jvm/java-8-oracle/jre/lib/amd64/libverify.so
7fed094b0000-7fed094b7000 r-xp 00000000 08:05 16785616                   /lib/x86_64-linux-gnu/librt-2.19.so
7fed094b7000-7fed096b6000 ---p 00007000 08:05 16785616                   /lib/x86_64-linux-gnu/librt-2.19.so
7fed096b6000-7fed096b7000 r--p 00006000 08:05 16785616                   /lib/x86_64-linux-gnu/librt-2.19.so
7fed096b7000-7fed096b8000 rw-p 00007000 08:05 16785616                   /lib/x86_64-linux-gnu/librt-2.19.so
7fed096b8000-7fed097bd000 r-xp 00000000 08:05 16781477                   /lib/x86_64-linux-gnu/libm-2.19.so
7fed097bd000-7fed099bc000 ---p 00105000 08:05 16781477                   /lib/x86_64-linux-gnu/libm-2.19.so
7fed099bc000-7fed099bd000 r--p 00104000 08:05 16781477                   /lib/x86_64-linux-gnu/libm-2.19.so
7fed099bd000-7fed099be000 rw-p 00105000 08:05 16781477                   /lib/x86_64-linux-gnu/libm-2.19.so
7fed099be000-7fed0a67e000 r-xp 00000000 08:05 15879333                   /usr/lib/jvm/java-8-oracle/jre/lib/amd64/server/libjvm.so
7fed0a67e000-7fed0a87e000 ---p 00cc0000 08:05 15879333                   /usr/lib/jvm/java-8-oracle/jre/lib/amd64/server/libjvm.so
7fed0a87e000-7fed0a956000 rw-p 00cc0000 08:05 15879333                   /usr/lib/jvm/java-8-oracle/jre/lib/amd64/server/libjvm.so
7fed0a956000-7fed0a9a1000 rw-p 00000000 00:00 0 
7fed0a9a1000-7fed0ab5b000 r-xp 00000000 08:05 16785617                   /lib/x86_64-linux-gnu/libc-2.19.so
7fed0ab5b000-7fed0ad5b000 ---p 001ba000 08:05 16785617                   /lib/x86_64-linux-gnu/libc-2.19.so
7fed0ad5b000-7fed0ad5f000 r--p 001ba000 08:05 16785617                   /lib/x86_64-linux-gnu/libc-2.19.so
7fed0ad5f000-7fed0ad61000 rw-p 001be000 08:05 16785617                   /lib/x86_64-linux-gnu/libc-2.19.so
7fed0ad61000-7fed0ad66000 rw-p 00000000 00:00 0 
7fed0ad66000-7fed0ad69000 r-xp 00000000 08:05 16781487                   /lib/x86_64-linux-gnu/libdl-2.19.so
7fed0ad69000-7fed0af68000 ---p 00003000 08:05 16781487                   /lib/x86_64-linux-gnu/libdl-2.19.so
7fed0af68000-7fed0af69000 r--p 00002000 08:05 16781487                   /lib/x86_64-linux-gnu/libdl-2.19.so
7fed0af69000-7fed0af6a000 rw-p 00003000 08:05 16781487                   /lib/x86_64-linux-gnu/libdl-2.19.so
7fed0af6a000-7fed0af7f000 r-xp 00000000 08:05 15867519                   /usr/lib/jvm/java-8-oracle/lib/amd64/jli/libjli.so
7fed0af7f000-7fed0b17f000 ---p 00015000 08:05 15867519                   /usr/lib/jvm/java-8-oracle/lib/amd64/jli/libjli.so
7fed0b17f000-7fed0b180000 rw-p 00015000 08:05 15867519                   /usr/lib/jvm/java-8-oracle/lib/amd64/jli/libjli.so
7fed0b180000-7fed0b199000 r-xp 00000000 08:05 16785607                   /lib/x86_64-linux-gnu/libpthread-2.19.so
7fed0b199000-7fed0b398000 ---p 00019000 08:05 16785607                   /lib/x86_64-linux-gnu/libpthread-2.19.so
7fed0b398000-7fed0b399000 r--p 00018000 08:05 16785607                   /lib/x86_64-linux-gnu/libpthread-2.19.so
7fed0b399000-7fed0b39a000 rw-p 00019000 08:05 16785607                   /lib/x86_64-linux-gnu/libpthread-2.19.so
7fed0b39a000-7fed0b39e000 rw-p 00000000 00:00 0 
7fed0b39e000-7fed0b3c1000 r-xp 00000000 08:05 16785608                   /lib/x86_64-linux-gnu/ld-2.19.so
7fed0b3c4000-7fed0b49d000 rw-p 00000000 00:00 0 
7fed0b49d000-7fed0b4a0000 ---p 00000000 00:00 0 
7fed0b4a0000-7fed0b5a2000 rw-p 00000000 00:00 0                          [stack:6693]
7fed0b5a5000-7fed0b5a6000 rw-p 00000000 00:00 0 
7fed0b5a6000-7fed0b5b4000 r--s 000e0000 08:05 4333759                    /home/brabo/android-sdk-linux/build-tools/24.0.0-preview/lib/dx.jar
7fed0b5b4000-7fed0b5bc000 rw-s 00000000 08:05 18362472                   /tmp/hsperfdata_brabo/6685
7fed0b5bc000-7fed0b5bd000 rw-p 00000000 00:00 0 
7fed0b5bd000-7fed0b5be000 ---p 00000000 00:00 0 
7fed0b5be000-7fed0b5c0000 rw-p 00000000 00:00 0 
7fed0b5c0000-7fed0b5c1000 r--p 00022000 08:05 16785608                   /lib/x86_64-linux-gnu/ld-2.19.so
7fed0b5c1000-7fed0b5c2000 rw-p 00023000 08:05 16785608                   /lib/x86_64-linux-gnu/ld-2.19.so
7fed0b5c2000-7fed0b5c3000 rw-p 00000000 00:00 0 
7fff11203000-7fff11225000 rw-p 00000000 00:00 0                          [stack]
7fff11397000-7fff11399000 r-xp 00000000 00:00 0                          [vdso]
ffffffffff600000-ffffffffff601000 r-xp 00000000 00:00 0                  [vsyscall]

VM Arguments:
jvm_args: -Djava.awt.headless=true -Xmx1024M -Dfile.encoding=UTF-8 -Duser.country=US -Duser.language=en -Duser.variant 
java_command: com.android.dx.command.Main --dex --force-jumbo --num-threads=4 --multi-dex --output /home/brabo/AndroidStudioProjects/Matano/app/build/intermediates/transforms/dex/debug/folders/1000/10/com.android.support-support-v4-23.4.0_dfbbad6903773e6047fef811a0253b09cc7533d6 /home/brabo/AndroidStudioProjects/Matano/app/build/intermediates/exploded-aar/com.android.support/support-v4/23.4.0/jars/classes.jar
java_class_path (initial): /home/brabo/android-sdk-linux/build-tools/24.0.0-preview/lib/dx.jar
Launcher Type: SUN_STANDARD

Environment Variables:
PATH=/home/brabo/.rbenv/shims:/home/brabo/.rbenv/bin:/usr/local/heroku/bin:/usr/local/sbin:/usr/local/bin:/usr/sbin:/usr/bin:/sbin:/bin:/usr/games:/usr/local/games:/home/brabo/activator-dist-1.3.7/:/home/brabo/android-sdk-linux/platform-tools:/home/brabo/android-sdk-linux/tools:/home/brabo/android-studio-2/:/home/brabo/android-studio-2/bin:/home/brabo/eclipse/:/home/brabo/eclipse/eclipse:/home/brabo/gradle-2.10/bin:/home/brabo/gradle-2.10:/home/brabo/RubyMine-7.0.1:/home/brabo/RubyMine-7.0.1/bin:/home/brabo/activator-dist-1.3.7/:/home/brabo/android-sdk-linux/platform-tools:/home/brabo/android-sdk-linux/tools:/home/brabo/android-studio-2/:/home/brabo/android-studio-2/bin:/home/brabo/eclipse/:/home/brabo/eclipse/eclipse:/home/brabo/gradle-2.10/bin:/home/brabo/gradle-2.10:/home/brabo/RubyMine-7.0.1:/home/brabo/RubyMine-7.0.1/bin
LD_LIBRARY_PATH=/home/brabo/android-studio-2/bin:
SHELL=/bin/bash
DISPLAY=:0

Signal Handlers:
SIGSEGV: [libjvm.so+0xabca10], sa_mask[0]=11111111011111111101111111111110, sa_flags=SA_RESTART|SA_SIGINFO
SIGBUS: [libjvm.so+0xabca10], sa_mask[0]=11111111011111111101111111111110, sa_flags=SA_RESTART|SA_SIGINFO
SIGFPE: [libjvm.so+0x919a20], sa_mask[0]=11111111011111111101111111111110, sa_flags=SA_RESTART|SA_SIGINFO
SIGPIPE: [libjvm.so+0x919a20], sa_mask[0]=11111111011111111101111111111110, sa_flags=SA_RESTART|SA_SIGINFO
SIGXFSZ: [libjvm.so+0x919a20], sa_mask[0]=11111111011111111101111111111110, sa_flags=SA_RESTART|SA_SIGINFO
SIGILL: [libjvm.so+0x919a20], sa_mask[0]=11111111011111111101111111111110, sa_flags=SA_RESTART|SA_SIGINFO
SIGUSR1: SIG_DFL, sa_mask[0]=00000000000000000000000000000000, sa_flags=none
SIGUSR2: [libjvm.so+0x91b050], sa_mask[0]=00100000000000000000000000000000, sa_flags=SA_RESTART|SA_SIGINFO
SIGHUP: [libjvm.so+0x91c450], sa_mask[0]=11111111011111111101111111111110, sa_flags=SA_RESTART|SA_SIGINFO
SIGINT: [libjvm.so+0x91c450], sa_mask[0]=11111111011111111101111111111110, sa_flags=SA_RESTART|SA_SIGINFO
SIGTERM: [libjvm.so+0x91c450], sa_mask[0]=11111111011111111101111111111110, sa_flags=SA_RESTART|SA_SIGINFO
SIGQUIT: [libjvm.so+0x91c450], sa_mask[0]=11111111011111111101111111111110, sa_flags=SA_RESTART|SA_SIGINFO


---------------  S Y S T E M  ---------------

OS:DISTRIB_ID=Ubuntu
DISTRIB_RELEASE=14.04
DISTRIB_CODENAME=trusty
DISTRIB_DESCRIPTION="Ubuntu 14.04.4 LTS"

uname:Linux 3.13.0-88-generic #135-Ubuntu SMP Wed Jun 8 21:10:42 UTC 2016 x86_64
libc:glibc 2.19 NPTL 2.19 
rlimit: STACK 8192k, CORE 0k, NPROC 62709, NOFILE 4096, AS infinity
load average:4.94 3.00 2.03

/proc/meminfo:
MemTotal:        8092496 kB
MemFree:          125012 kB
Buffers:            1156 kB
Cached:          1093016 kB
SwapCached:            0 kB
Active:          6670356 kB
Inactive:        1046612 kB
Active(anon):    6644872 kB
Inactive(anon):  1023652 kB
Active(file):      25484 kB
Inactive(file):    22960 kB
Unevictable:         240 kB
Mlocked:             240 kB
SwapTotal:             0 kB
SwapFree:              0 kB
Dirty:              5060 kB
Writeback:             0 kB
AnonPages:       6623148 kB
Mapped:           647892 kB
Shmem:           1045616 kB
Slab:              99468 kB
SReclaimable:      50472 kB
SUnreclaim:        48996 kB
KernelStack:        7512 kB
PageTables:        60896 kB
NFS_Unstable:          0 kB
Bounce:                0 kB
WritebackTmp:          0 kB
CommitLimit:     4046248 kB
Committed_AS:   13715608 kB
VmallocTotal:   34359738367 kB
VmallocUsed:      359792 kB
VmallocChunk:   34359359576 kB
HardwareCorrupted:     0 kB
AnonHugePages:   2932736 kB
HugePages_Total:       0
HugePages_Free:        0
HugePages_Rsvd:        0
HugePages_Surp:        0
Hugepagesize:       2048 kB
DirectMap4k:      106164 kB
DirectMap2M:     7149568 kB
DirectMap1G:     1048576 kB


CPU:total 4 (2 cores per cpu, 2 threads per core) family 6 model 60 stepping 3, cmov, cx8, fxsr, mmx, sse, sse2, sse3, ssse3, sse4.1, sse4.2, popcnt, avx, avx2, aes, clmul, erms, lzcnt, ht, tsc, tscinvbit, bmi1, bmi2

/proc/cpuinfo:
processor	: 0
vendor_id	: GenuineIntel
cpu family	: 6
model		: 60
model name	: Intel(R) Core(TM) i5-4210H CPU @ 2.90GHz
stepping	: 3
microcode	: 0x1c
cpu MHz		: 2901.000
cache size	: 3072 KB
physical id	: 0
siblings	: 4
core id		: 0
cpu cores	: 2
apicid		: 0
initial apicid	: 0
fpu		: yes
fpu_exception	: yes
cpuid level	: 13
wp		: yes
flags		: fpu vme de pse tsc msr pae mce cx8 apic sep mtrr pge mca cmov pat pse36 clflush dts acpi mmx fxsr sse sse2 ss ht tm pbe syscall nx pdpe1gb rdtscp lm constant_tsc arch_perfmon pebs bts rep_good nopl xtopology nonstop_tsc aperfmperf eagerfpu pni pclmulqdq dtes64 monitor ds_cpl vmx est tm2 ssse3 fma cx16 xtpr pdcm pcid sse4_1 sse4_2 x2apic movbe popcnt tsc_deadline_timer aes xsave avx f16c rdrand lahf_lm abm ida arat epb xsaveopt pln pts dtherm tpr_shadow vnmi flexpriority ept vpid fsgsbase tsc_adjust bmi1 avx2 smep bmi2 erms invpcid
bogomips	: 5786.26
clflush size	: 64
cache_alignment	: 64
address sizes	: 39 bits physical, 48 bits virtual
power management:

processor	: 1
vendor_id	: GenuineIntel
cpu family	: 6
model		: 60
model name	: Intel(R) Core(TM) i5-4210H CPU @ 2.90GHz
stepping	: 3
microcode	: 0x1c
cpu MHz		: 2901.000
cache size	: 3072 KB
physical id	: 0
siblings	: 4
core id		: 1
cpu cores	: 2
apicid		: 2
initial apicid	: 2
fpu		: yes
fpu_exception	: yes
cpuid level	: 13
wp		: yes
flags		: fpu vme de pse tsc msr pae mce cx8 apic sep mtrr pge mca cmov pat pse36 clflush dts acpi mmx fxsr sse sse2 ss ht tm pbe syscall nx pdpe1gb rdtscp lm constant_tsc arch_perfmon pebs bts rep_good nopl xtopology nonstop_tsc aperfmperf eagerfpu pni pclmulqdq dtes64 monitor ds_cpl vmx est tm2 ssse3 fma cx16 xtpr pdcm pcid sse4_1 sse4_2 x2apic movbe popcnt tsc_deadline_timer aes xsave avx f16c rdrand lahf_lm abm ida arat epb xsaveopt pln pts dtherm tpr_shadow vnmi flexpriority ept vpid fsgsbase tsc_adjust bmi1 avx2 smep bmi2 erms invpcid
bogomips	: 5786.26
clflush size	: 64
cache_alignment	: 64
address sizes	: 39 bits physical, 48 bits virtual
power management:

processor	: 2
vendor_id	: GenuineIntel
cpu family	: 6
model		: 60
model name	: Intel(R) Core(TM) i5-4210H CPU @ 2.90GHz
stepping	: 3
microcode	: 0x1c
cpu MHz		: 2901.000
cache size	: 3072 KB
physical id	: 0
siblings	: 4
core id		: 0
cpu cores	: 2
apicid		: 1
initial apicid	: 1
fpu		: yes
fpu_exception	: yes
cpuid level	: 13
wp		: yes
flags		: fpu vme de pse tsc msr pae mce cx8 apic sep mtrr pge mca cmov pat pse36 clflush dts acpi mmx fxsr sse sse2 ss ht tm pbe syscall nx pdpe1gb rdtscp lm constant_tsc arch_perfmon pebs bts rep_good nopl xtopology nonstop_tsc aperfmperf eagerfpu pni pclmulqdq dtes64 monitor ds_cpl vmx est tm2 ssse3 fma cx16 xtpr pdcm pcid sse4_1 sse4_2 x2apic movbe popcnt tsc_deadline_timer aes xsave avx f16c rdrand lahf_lm abm ida arat epb xsaveopt pln pts dtherm tpr_shadow vnmi flexpriority ept vpid fsgsbase tsc_adjust bmi1 avx2 smep bmi2 erms invpcid
bogomips	: 5786.26
clflush size	: 64
cache_alignment	: 64
address sizes	: 39 bits physical, 48 bits virtual
power management:

processor	: 3
vendor_id	: GenuineIntel
cpu family	: 6
model		: 60
model name	: Intel(R) Core(TM) i5-4210H CPU @ 2.90GHz
stepping	: 3
microcode	: 0x1c
cpu MHz		: 2901.000
cache size	: 3072 KB
physical id	: 0
siblings	: 4
core id		: 1
cpu cores	: 2
apicid		: 3
initial apicid	: 3
fpu		: yes
fpu_exception	: yes
cpuid level	: 13
wp		: yes
flags		: fpu vme de pse tsc msr pae mce cx8 apic sep mtrr pge mca cmov pat pse36 clflush dts acpi mmx fxsr sse sse2 ss ht tm pbe syscall nx pdpe1gb rdtscp lm constant_tsc arch_perfmon pebs bts rep_good nopl xtopology nonstop_tsc aperfmperf eagerfpu pni pclmulqdq dtes64 monitor ds_cpl vmx est tm2 ssse3 fma cx16 xtpr pdcm pcid sse4_1 sse4_2 x2apic movbe popcnt tsc_deadline_timer aes xsave avx f16c rdrand lahf_lm abm ida arat epb xsaveopt pln pts dtherm tpr_shadow vnmi flexpriority ept vpid fsgsbase tsc_adjust bmi1 avx2 smep bmi2 erms invpcid
bogomips	: 5786.26
clflush size	: 64
cache_alignment	: 64
address sizes	: 39 bits physical, 48 bits virtual
power management:



Memory: 4k page, physical 8092496k(125012k free), swap 0k(0k free)

vm_info: Java HotSpot(TM) 64-Bit Server VM (25.91-b14) for linux-amd64 JRE (1.8.0_91-b14), built on Apr  1 2016 00:57:21 by "java_re" with gcc 4.3.0 20080428 (Red Hat 4.3.0-8)

time: Thu Jun 23 12:13:06 2016
elapsed time: 7 seconds (0d 0h 0m 7s)

